This file contains any messages produced by compilers while
running configure, to aid debugging if configure makes a mistake.

It was created by Iperf configure 2.0.14a, which was
generated by GNU Autoconf 2.69.  Invocation command line was

  $ ./configure --enable-fastsampling

## --------- ##
## Platform. ##
## --------- ##

hostname = localhost.localdomain
uname -m = x86_64
uname -r = 4.8.6-300.fc25.x86_64
uname -s = Linux
uname -v = #1 SMP Tue Nov 1 12:36:38 UTC 2016

/usr/bin/uname -p = x86_64
/bin/uname -X     = unknown

/bin/arch              = x86_64
/usr/bin/arch -k       = unknown
/usr/convex/getsysinfo = unknown
/usr/bin/hostinfo      = unknown
/bin/machine           = unknown
/usr/bin/oslevel       = unknown
/bin/universe          = unknown

PATH: /usr/local/sbin
PATH: /usr/local/bin
PATH: /usr/sbin
PATH: /usr/bin
PATH: /root/bin


## ----------- ##
## Core tests. ##
## ----------- ##

configure:2634: checking for a BSD-compatible install
configure:2702: result: /usr/bin/install -c
configure:2713: checking whether build environment is sane
configure:2768: result: yes
configure:2919: checking for a thread-safe mkdir -p
configure:2958: result: /usr/bin/mkdir -p
configure:2965: checking for gawk
configure:2981: found /usr/bin/gawk
configure:2992: result: gawk
configure:3003: checking whether make sets $(MAKE)
configure:3025: result: yes
configure:3054: checking whether make supports nested variables
configure:3071: result: yes
configure:3199: checking whether to enable maintainer-specific portions of Makefiles
configure:3208: result: no
configure:3362: checking for style of include used by make
configure:3390: result: GNU
configure:3461: checking for gcc
configure:3477: found /usr/bin/gcc
configure:3488: result: gcc
configure:3717: checking for C compiler version
configure:3726: gcc --version >&5
gcc (GCC) 6.2.1 20160916 (Red Hat 6.2.1-2)
Copyright (C) 2016 Free Software Foundation, Inc.
This is free software; see the source for copying conditions.  There is NO
warranty; not even for MERCHANTABILITY or FITNESS FOR A PARTICULAR PURPOSE.

configure:3737: $? = 0
configure:3726: gcc -v >&5
Using built-in specs.
COLLECT_GCC=gcc
COLLECT_LTO_WRAPPER=/usr/libexec/gcc/x86_64-redhat-linux/6.2.1/lto-wrapper
Target: x86_64-redhat-linux
Configured with: ../configure --enable-bootstrap --enable-languages=c,c++,objc,obj-c++,fortran,ada,go,lto --prefix=/usr --mandir=/usr/share/man --infodir=/usr/share/info --with-bugurl=http://bugzilla.redhat.com/bugzilla --enable-shared --enable-threads=posix --enable-checking=release --enable-multilib --with-system-zlib --enable-__cxa_atexit --disable-libunwind-exceptions --enable-gnu-unique-object --enable-linker-build-id --with-linker-hash-style=gnu --enable-plugin --enable-initfini-array --disable-libgcj --with-isl --enable-libmpx --enable-gnu-indirect-function --with-tune=generic --with-arch_32=i686 --build=x86_64-redhat-linux
Thread model: posix
gcc version 6.2.1 20160916 (Red Hat 6.2.1-2) (GCC) 
configure:3737: $? = 0
configure:3726: gcc -V >&5
gcc: error: unrecognized command line option '-V'
gcc: fatal error: no input files
compilation terminated.
configure:3737: $? = 1
configure:3726: gcc -qversion >&5
gcc: error: unrecognized command line option '-qversion'; did you mean '--version'?
gcc: fatal error: no input files
compilation terminated.
configure:3737: $? = 1
configure:3757: checking whether the C compiler works
configure:3779: gcc    conftest.c  >&5
configure:3783: $? = 0
configure:3831: result: yes
configure:3834: checking for C compiler default output file name
configure:3836: result: a.out
configure:3842: checking for suffix of executables
configure:3849: gcc -o conftest    conftest.c  >&5
configure:3853: $? = 0
configure:3875: result: 
configure:3897: checking whether we are cross compiling
configure:3905: gcc -o conftest    conftest.c  >&5
configure:3909: $? = 0
configure:3916: ./conftest
configure:3920: $? = 0
configure:3935: result: no
configure:3940: checking for suffix of object files
configure:3962: gcc -c   conftest.c >&5
configure:3966: $? = 0
configure:3987: result: o
configure:3991: checking whether we are using the GNU C compiler
configure:4010: gcc -c   conftest.c >&5
configure:4010: $? = 0
configure:4019: result: yes
configure:4028: checking whether gcc accepts -g
configure:4048: gcc -c -g  conftest.c >&5
configure:4048: $? = 0
configure:4089: result: yes
configure:4106: checking for gcc option to accept ISO C89
configure:4169: gcc  -c -g -O2  conftest.c >&5
configure:4169: $? = 0
configure:4182: result: none needed
configure:4207: checking whether gcc understands -c and -o together
configure:4229: gcc -c conftest.c -o conftest2.o
configure:4232: $? = 0
configure:4229: gcc -c conftest.c -o conftest2.o
configure:4232: $? = 0
configure:4244: result: yes
configure:4263: checking dependency style of gcc
configure:4374: result: gcc3
configure:4392: checking whether TPACKET_V2 is declared
configure:4392: gcc -c -g -O2  conftest.c >&5
configure:4392: $? = 0
configure:4392: result: yes
configure:4475: checking for g++
configure:4491: found /usr/bin/g++
configure:4502: result: g++
configure:4529: checking for C++ compiler version
configure:4538: g++ --version >&5
g++ (GCC) 6.2.1 20160916 (Red Hat 6.2.1-2)
Copyright (C) 2016 Free Software Foundation, Inc.
This is free software; see the source for copying conditions.  There is NO
warranty; not even for MERCHANTABILITY or FITNESS FOR A PARTICULAR PURPOSE.

configure:4549: $? = 0
configure:4538: g++ -v >&5
Using built-in specs.
COLLECT_GCC=g++
COLLECT_LTO_WRAPPER=/usr/libexec/gcc/x86_64-redhat-linux/6.2.1/lto-wrapper
Target: x86_64-redhat-linux
Configured with: ../configure --enable-bootstrap --enable-languages=c,c++,objc,obj-c++,fortran,ada,go,lto --prefix=/usr --mandir=/usr/share/man --infodir=/usr/share/info --with-bugurl=http://bugzilla.redhat.com/bugzilla --enable-shared --enable-threads=posix --enable-checking=release --enable-multilib --with-system-zlib --enable-__cxa_atexit --disable-libunwind-exceptions --enable-gnu-unique-object --enable-linker-build-id --with-linker-hash-style=gnu --enable-plugin --enable-initfini-array --disable-libgcj --with-isl --enable-libmpx --enable-gnu-indirect-function --with-tune=generic --with-arch_32=i686 --build=x86_64-redhat-linux
Thread model: posix
gcc version 6.2.1 20160916 (Red Hat 6.2.1-2) (GCC) 
configure:4549: $? = 0
configure:4538: g++ -V >&5
g++: error: unrecognized command line option '-V'
g++: fatal error: no input files
compilation terminated.
configure:4549: $? = 1
configure:4538: g++ -qversion >&5
g++: error: unrecognized command line option '-qversion'; did you mean '--version'?
g++: fatal error: no input files
compilation terminated.
configure:4549: $? = 1
configure:4553: checking whether we are using the GNU C++ compiler
configure:4572: g++ -c   conftest.cpp >&5
configure:4572: $? = 0
configure:4581: result: yes
configure:4590: checking whether g++ accepts -g
configure:4610: g++ -c -g  conftest.cpp >&5
configure:4610: $? = 0
configure:4651: result: yes
configure:4676: checking dependency style of g++
configure:4787: result: gcc3
configure:4851: checking for gcc
configure:4878: result: gcc
configure:5107: checking for C compiler version
configure:5116: gcc --version >&5
gcc (GCC) 6.2.1 20160916 (Red Hat 6.2.1-2)
Copyright (C) 2016 Free Software Foundation, Inc.
This is free software; see the source for copying conditions.  There is NO
warranty; not even for MERCHANTABILITY or FITNESS FOR A PARTICULAR PURPOSE.

configure:5127: $? = 0
configure:5116: gcc -v >&5
Using built-in specs.
COLLECT_GCC=gcc
COLLECT_LTO_WRAPPER=/usr/libexec/gcc/x86_64-redhat-linux/6.2.1/lto-wrapper
Target: x86_64-redhat-linux
Configured with: ../configure --enable-bootstrap --enable-languages=c,c++,objc,obj-c++,fortran,ada,go,lto --prefix=/usr --mandir=/usr/share/man --infodir=/usr/share/info --with-bugurl=http://bugzilla.redhat.com/bugzilla --enable-shared --enable-threads=posix --enable-checking=release --enable-multilib --with-system-zlib --enable-__cxa_atexit --disable-libunwind-exceptions --enable-gnu-unique-object --enable-linker-build-id --with-linker-hash-style=gnu --enable-plugin --enable-initfini-array --disable-libgcj --with-isl --enable-libmpx --enable-gnu-indirect-function --with-tune=generic --with-arch_32=i686 --build=x86_64-redhat-linux
Thread model: posix
gcc version 6.2.1 20160916 (Red Hat 6.2.1-2) (GCC) 
configure:5127: $? = 0
configure:5116: gcc -V >&5
gcc: error: unrecognized command line option '-V'
gcc: fatal error: no input files
compilation terminated.
configure:5127: $? = 1
configure:5116: gcc -qversion >&5
gcc: error: unrecognized command line option '-qversion'; did you mean '--version'?
gcc: fatal error: no input files
compilation terminated.
configure:5127: $? = 1
configure:5131: checking whether we are using the GNU C compiler
configure:5159: result: yes
configure:5168: checking whether gcc accepts -g
configure:5229: result: yes
configure:5246: checking for gcc option to accept ISO C89
configure:5322: result: none needed
configure:5347: checking whether gcc understands -c and -o together
configure:5384: result: yes
configure:5403: checking dependency style of gcc
configure:5514: result: gcc3
configure:5530: checking for library containing strerror
configure:5561: gcc -o conftest  -O2    conftest.c  >&5
configure:5561: $? = 0
configure:5578: result: none required
configure:5587: checking whether make sets $(MAKE)
configure:5609: result: yes
configure:5661: checking for ranlib
configure:5677: found /usr/bin/ranlib
configure:5688: result: ranlib
configure:5720: checking build system type
configure:5734: result: x86_64-unknown-linux-gnu
configure:5754: checking host system type
configure:5767: result: x86_64-unknown-linux-gnu
configure:5788: checking for clock_gettime in -lrt
configure:5813: gcc -o conftest  -O2    conftest.c -lrt   >&5
configure:5813: $? = 0
configure:5822: result: yes
configure:6000: checking for the pthreads library -lpthreads
configure:6033: gcc -o conftest  -O2     conftest.c -lpthreads -lrt  >&5
/usr/bin/ld: cannot find -lpthreads
collect2: error: ld returned 1 exit status
configure:6033: $? = 1
configure: failed program was:
| /* confdefs.h */
| #define PACKAGE_NAME "Iperf"
| #define PACKAGE_TARNAME "iperf"
| #define PACKAGE_VERSION "2.0.14a"
| #define PACKAGE_STRING "Iperf 2.0.14a"
| #define PACKAGE_BUGREPORT ""
| #define PACKAGE_URL ""
| #define PACKAGE "iperf"
| #define VERSION "2.0.14a"
| #define HAVE_AF_PACKET 1
| #define HAVE_LIBRT 1
| /* end confdefs.h.  */
| #include <pthread.h>
| int
| main ()
| {
| pthread_t th; pthread_join(th, 0);
|                      pthread_attr_init(0); pthread_cleanup_push(0, 0);
|                      pthread_create(0,0,0,0); pthread_cleanup_pop(0);
|   ;
|   return 0;
| }
configure:6042: result: no
configure:5945: checking whether pthreads work without any flags
configure:6033: gcc -o conftest  -O2     conftest.c  -lrt  >&5
/usr/bin/ld: /tmp/ccpwYhHG.o: undefined reference to symbol 'pthread_create@@GLIBC_2.2.5'
/usr/lib64/libpthread.so.0: error adding symbols: DSO missing from command line
collect2: error: ld returned 1 exit status
configure:6033: $? = 1
configure: failed program was:
| /* confdefs.h */
| #define PACKAGE_NAME "Iperf"
| #define PACKAGE_TARNAME "iperf"
| #define PACKAGE_VERSION "2.0.14a"
| #define PACKAGE_STRING "Iperf 2.0.14a"
| #define PACKAGE_BUGREPORT ""
| #define PACKAGE_URL ""
| #define PACKAGE "iperf"
| #define VERSION "2.0.14a"
| #define HAVE_AF_PACKET 1
| #define HAVE_LIBRT 1
| /* end confdefs.h.  */
| #include <pthread.h>
| int
| main ()
| {
| pthread_t th; pthread_join(th, 0);
|                      pthread_attr_init(0); pthread_cleanup_push(0, 0);
|                      pthread_create(0,0,0,0); pthread_cleanup_pop(0);
|   ;
|   return 0;
| }
configure:6042: result: no
configure:5950: checking whether pthreads work with -Kthread
configure:6033: gcc -o conftest  -O2  -Kthread   conftest.c  -lrt  >&5
gcc: error: unrecognized command line option '-Kthread'; did you mean '-pthread'?
configure:6033: $? = 1
configure: failed program was:
| /* confdefs.h */
| #define PACKAGE_NAME "Iperf"
| #define PACKAGE_TARNAME "iperf"
| #define PACKAGE_VERSION "2.0.14a"
| #define PACKAGE_STRING "Iperf 2.0.14a"
| #define PACKAGE_BUGREPORT ""
| #define PACKAGE_URL ""
| #define PACKAGE "iperf"
| #define VERSION "2.0.14a"
| #define HAVE_AF_PACKET 1
| #define HAVE_LIBRT 1
| /* end confdefs.h.  */
| #include <pthread.h>
| int
| main ()
| {
| pthread_t th; pthread_join(th, 0);
|                      pthread_attr_init(0); pthread_cleanup_push(0, 0);
|                      pthread_create(0,0,0,0); pthread_cleanup_pop(0);
|   ;
|   return 0;
| }
configure:6042: result: no
configure:5950: checking whether pthreads work with -kthread
configure:6033: gcc -o conftest  -O2  -kthread   conftest.c  -lrt  >&5
gcc: error: unrecognized command line option '-kthread'; did you mean '-pthread'?
configure:6033: $? = 1
configure: failed program was:
| /* confdefs.h */
| #define PACKAGE_NAME "Iperf"
| #define PACKAGE_TARNAME "iperf"
| #define PACKAGE_VERSION "2.0.14a"
| #define PACKAGE_STRING "Iperf 2.0.14a"
| #define PACKAGE_BUGREPORT ""
| #define PACKAGE_URL ""
| #define PACKAGE "iperf"
| #define VERSION "2.0.14a"
| #define HAVE_AF_PACKET 1
| #define HAVE_LIBRT 1
| /* end confdefs.h.  */
| #include <pthread.h>
| int
| main ()
| {
| pthread_t th; pthread_join(th, 0);
|                      pthread_attr_init(0); pthread_cleanup_push(0, 0);
|                      pthread_create(0,0,0,0); pthread_cleanup_pop(0);
|   ;
|   return 0;
| }
configure:6042: result: no
configure:6000: checking for the pthreads library -llthread
configure:6033: gcc -o conftest  -O2     conftest.c -llthread -lrt  >&5
/usr/bin/ld: cannot find -llthread
collect2: error: ld returned 1 exit status
configure:6033: $? = 1
configure: failed program was:
| /* confdefs.h */
| #define PACKAGE_NAME "Iperf"
| #define PACKAGE_TARNAME "iperf"
| #define PACKAGE_VERSION "2.0.14a"
| #define PACKAGE_STRING "Iperf 2.0.14a"
| #define PACKAGE_BUGREPORT ""
| #define PACKAGE_URL ""
| #define PACKAGE "iperf"
| #define VERSION "2.0.14a"
| #define HAVE_AF_PACKET 1
| #define HAVE_LIBRT 1
| /* end confdefs.h.  */
| #include <pthread.h>
| int
| main ()
| {
| pthread_t th; pthread_join(th, 0);
|                      pthread_attr_init(0); pthread_cleanup_push(0, 0);
|                      pthread_create(0,0,0,0); pthread_cleanup_pop(0);
|   ;
|   return 0;
| }
configure:6042: result: no
configure:5950: checking whether pthreads work with -pthread
configure:6033: gcc -o conftest  -O2  -pthread   conftest.c  -lrt  >&5
configure:6033: $? = 0
configure:6042: result: yes
configure:6062: checking for joinable pthread attribute
configure:6075: gcc -o conftest  -O2  -pthread   conftest.c  -lrt  >&5
configure:6075: $? = 0
configure:6107: result: PTHREAD_CREATE_JOINABLE
configure:6114: checking if more special flags are required for pthreads
configure:6121: result: no
configure:6133: checking for cc_r
configure:6161: result: gcc
configure:6202: checking for library containing gethostbyname
configure:6233: gcc -o conftest  -O2    conftest.c -lrt  >&5
configure:6233: $? = 0
configure:6250: result: none required
configure:6258: checking for library containing socket
configure:6289: gcc -o conftest  -O2    conftest.c -lrt  >&5
configure:6289: $? = 0
configure:6306: result: none required
configure:6338: checking how to run the C preprocessor
configure:6369: gcc -E  conftest.c
configure:6369: $? = 0
configure:6383: gcc -E  conftest.c
conftest.c:16:28: fatal error: ac_nonexistent.h: No such file or directory
 #include <ac_nonexistent.h>
                            ^
compilation terminated.
configure:6383: $? = 1
configure: failed program was:
| /* confdefs.h */
| #define PACKAGE_NAME "Iperf"
| #define PACKAGE_TARNAME "iperf"
| #define PACKAGE_VERSION "2.0.14a"
| #define PACKAGE_STRING "Iperf 2.0.14a"
| #define PACKAGE_BUGREPORT ""
| #define PACKAGE_URL ""
| #define PACKAGE "iperf"
| #define VERSION "2.0.14a"
| #define HAVE_AF_PACKET 1
| #define HAVE_LIBRT 1
| #define HAVE_PTHREAD 1
| #define HAVE_POSIX_THREAD 1
| #define _REENTRANT 1
| /* end confdefs.h.  */
| #include <ac_nonexistent.h>
configure:6408: result: gcc -E
configure:6428: gcc -E  conftest.c
configure:6428: $? = 0
configure:6442: gcc -E  conftest.c
conftest.c:16:28: fatal error: ac_nonexistent.h: No such file or directory
 #include <ac_nonexistent.h>
                            ^
compilation terminated.
configure:6442: $? = 1
configure: failed program was:
| /* confdefs.h */
| #define PACKAGE_NAME "Iperf"
| #define PACKAGE_TARNAME "iperf"
| #define PACKAGE_VERSION "2.0.14a"
| #define PACKAGE_STRING "Iperf 2.0.14a"
| #define PACKAGE_BUGREPORT ""
| #define PACKAGE_URL ""
| #define PACKAGE "iperf"
| #define VERSION "2.0.14a"
| #define HAVE_AF_PACKET 1
| #define HAVE_LIBRT 1
| #define HAVE_PTHREAD 1
| #define HAVE_POSIX_THREAD 1
| #define _REENTRANT 1
| /* end confdefs.h.  */
| #include <ac_nonexistent.h>
configure:6471: checking for grep that handles long lines and -e
configure:6529: result: /usr/bin/grep
configure:6534: checking for egrep
configure:6596: result: /usr/bin/grep -E
configure:6601: checking for ANSI C header files
configure:6621: gcc -c  -O2   conftest.c >&5
configure:6621: $? = 0
configure:6694: gcc -o conftest  -O2    conftest.c -lrt  >&5
configure:6694: $? = 0
configure:6694: ./conftest
configure:6694: $? = 0
configure:6705: result: yes
configure:6718: checking for sys/types.h
configure:6718: gcc -c  -O2   conftest.c >&5
configure:6718: $? = 0
configure:6718: result: yes
configure:6718: checking for sys/stat.h
configure:6718: gcc -c  -O2   conftest.c >&5
configure:6718: $? = 0
configure:6718: result: yes
configure:6718: checking for stdlib.h
configure:6718: gcc -c  -O2   conftest.c >&5
configure:6718: $? = 0
configure:6718: result: yes
configure:6718: checking for string.h
configure:6718: gcc -c  -O2   conftest.c >&5
configure:6718: $? = 0
configure:6718: result: yes
configure:6718: checking for memory.h
configure:6718: gcc -c  -O2   conftest.c >&5
configure:6718: $? = 0
configure:6718: result: yes
configure:6718: checking for strings.h
configure:6718: gcc -c  -O2   conftest.c >&5
configure:6718: $? = 0
configure:6718: result: yes
configure:6718: checking for inttypes.h
configure:6718: gcc -c  -O2   conftest.c >&5
configure:6718: $? = 0
configure:6718: result: yes
configure:6718: checking for stdint.h
configure:6718: gcc -c  -O2   conftest.c >&5
configure:6718: $? = 0
configure:6718: result: yes
configure:6718: checking for unistd.h
configure:6718: gcc -c  -O2   conftest.c >&5
configure:6718: $? = 0
configure:6718: result: yes
configure:6733: checking arpa/inet.h usability
configure:6733: gcc -c  -O2   conftest.c >&5
configure:6733: $? = 0
configure:6733: result: yes
configure:6733: checking arpa/inet.h presence
configure:6733: gcc -E  conftest.c
configure:6733: $? = 0
configure:6733: result: yes
configure:6733: checking for arpa/inet.h
configure:6733: result: yes
configure:6733: checking libintl.h usability
configure:6733: gcc -c  -O2   conftest.c >&5
configure:6733: $? = 0
configure:6733: result: yes
configure:6733: checking libintl.h presence
configure:6733: gcc -E  conftest.c
configure:6733: $? = 0
configure:6733: result: yes
configure:6733: checking for libintl.h
configure:6733: result: yes
configure:6733: checking net/ethernet.h usability
configure:6733: gcc -c  -O2   conftest.c >&5
configure:6733: $? = 0
configure:6733: result: yes
configure:6733: checking net/ethernet.h presence
configure:6733: gcc -E  conftest.c
configure:6733: $? = 0
configure:6733: result: yes
configure:6733: checking for net/ethernet.h
configure:6733: result: yes
configure:6733: checking net/if.h usability
configure:6733: gcc -c  -O2   conftest.c >&5
configure:6733: $? = 0
configure:6733: result: yes
configure:6733: checking net/if.h presence
configure:6733: gcc -E  conftest.c
configure:6733: $? = 0
configure:6733: result: yes
configure:6733: checking for net/if.h
configure:6733: result: yes
configure:6733: checking linux/ip.h usability
configure:6733: gcc -c  -O2   conftest.c >&5
configure:6733: $? = 0
configure:6733: result: yes
configure:6733: checking linux/ip.h presence
configure:6733: gcc -E  conftest.c
configure:6733: $? = 0
configure:6733: result: yes
configure:6733: checking for linux/ip.h
configure:6733: result: yes
configure:6733: checking linux/udp.h usability
configure:6733: gcc -c  -O2   conftest.c >&5
configure:6733: $? = 0
configure:6733: result: yes
configure:6733: checking linux/udp.h presence
configure:6733: gcc -E  conftest.c
configure:6733: $? = 0
configure:6733: result: yes
configure:6733: checking for linux/udp.h
configure:6733: result: yes
configure:6733: checking linux/if_packet.h usability
configure:6733: gcc -c  -O2   conftest.c >&5
configure:6733: $? = 0
configure:6733: result: yes
configure:6733: checking linux/if_packet.h presence
configure:6733: gcc -E  conftest.c
configure:6733: $? = 0
configure:6733: result: yes
configure:6733: checking for linux/if_packet.h
configure:6733: result: yes
configure:6733: checking linux/filter.h usability
configure:6733: gcc -c  -O2   conftest.c >&5
configure:6733: $? = 0
configure:6733: result: yes
configure:6733: checking linux/filter.h presence
configure:6733: gcc -E  conftest.c
configure:6733: $? = 0
configure:6733: result: yes
configure:6733: checking for linux/filter.h
configure:6733: result: yes
configure:6733: checking netdb.h usability
configure:6733: gcc -c  -O2   conftest.c >&5
configure:6733: $? = 0
configure:6733: result: yes
configure:6733: checking netdb.h presence
configure:6733: gcc -E  conftest.c
configure:6733: $? = 0
configure:6733: result: yes
configure:6733: checking for netdb.h
configure:6733: result: yes
configure:6733: checking netinet/in.h usability
configure:6733: gcc -c  -O2   conftest.c >&5
configure:6733: $? = 0
configure:6733: result: yes
configure:6733: checking netinet/in.h presence
configure:6733: gcc -E  conftest.c
configure:6733: $? = 0
configure:6733: result: yes
configure:6733: checking for netinet/in.h
configure:6733: result: yes
configure:6733: checking for stdlib.h
configure:6733: result: yes
configure:6733: checking for string.h
configure:6733: result: yes
configure:6733: checking for strings.h
configure:6733: result: yes
configure:6733: checking sys/socket.h usability
configure:6733: gcc -c  -O2   conftest.c >&5
configure:6733: $? = 0
configure:6733: result: yes
configure:6733: checking sys/socket.h presence
configure:6733: gcc -E  conftest.c
configure:6733: $? = 0
configure:6733: result: yes
configure:6733: checking for sys/socket.h
configure:6733: result: yes
configure:6733: checking sys/time.h usability
configure:6733: gcc -c  -O2   conftest.c >&5
configure:6733: $? = 0
configure:6733: result: yes
configure:6733: checking sys/time.h presence
configure:6733: gcc -E  conftest.c
configure:6733: $? = 0
configure:6733: result: yes
configure:6733: checking for sys/time.h
configure:6733: result: yes
configure:6733: checking syslog.h usability
configure:6733: gcc -c  -O2   conftest.c >&5
configure:6733: $? = 0
configure:6733: result: yes
configure:6733: checking syslog.h presence
configure:6733: gcc -E  conftest.c
configure:6733: $? = 0
configure:6733: result: yes
configure:6733: checking for syslog.h
configure:6733: result: yes
configure:6733: checking for unistd.h
configure:6733: result: yes
configure:6733: checking signal.h usability
configure:6733: gcc -c  -O2   conftest.c >&5
configure:6733: $? = 0
configure:6733: result: yes
configure:6733: checking signal.h presence
configure:6733: gcc -E  conftest.c
configure:6733: $? = 0
configure:6733: result: yes
configure:6733: checking for signal.h
configure:6733: result: yes
configure:6733: checking ifaddrs.h usability
configure:6733: gcc -c  -O2   conftest.c >&5
configure:6733: $? = 0
configure:6733: result: yes
configure:6733: checking ifaddrs.h presence
configure:6733: gcc -E  conftest.c
configure:6733: $? = 0
configure:6733: result: yes
configure:6733: checking for ifaddrs.h
configure:6733: result: yes
configure:6745: checking for an ANSI C-conforming const
configure:6811: gcc -c  -O2   conftest.c >&5
configure:6811: $? = 0
configure:6818: result: yes
configure:6826: checking for size_t
configure:6826: gcc -c  -O2   conftest.c >&5
configure:6826: $? = 0
configure:6826: gcc -c  -O2   conftest.c >&5
conftest.c: In function 'main':
conftest.c:81:21: error: expected expression before ')' token
 if (sizeof ((size_t)))
                     ^
configure:6826: $? = 1
configure: failed program was:
| /* confdefs.h */
| #define PACKAGE_NAME "Iperf"
| #define PACKAGE_TARNAME "iperf"
| #define PACKAGE_VERSION "2.0.14a"
| #define PACKAGE_STRING "Iperf 2.0.14a"
| #define PACKAGE_BUGREPORT ""
| #define PACKAGE_URL ""
| #define PACKAGE "iperf"
| #define VERSION "2.0.14a"
| #define HAVE_AF_PACKET 1
| #define HAVE_LIBRT 1
| #define HAVE_PTHREAD 1
| #define HAVE_POSIX_THREAD 1
| #define _REENTRANT 1
| #define STDC_HEADERS 1
| #define HAVE_SYS_TYPES_H 1
| #define HAVE_SYS_STAT_H 1
| #define HAVE_STDLIB_H 1
| #define HAVE_STRING_H 1
| #define HAVE_MEMORY_H 1
| #define HAVE_STRINGS_H 1
| #define HAVE_INTTYPES_H 1
| #define HAVE_STDINT_H 1
| #define HAVE_UNISTD_H 1
| #define HAVE_ARPA_INET_H 1
| #define HAVE_LIBINTL_H 1
| #define HAVE_NET_ETHERNET_H 1
| #define HAVE_NET_IF_H 1
| #define HAVE_LINUX_IP_H 1
| #define HAVE_LINUX_UDP_H 1
| #define HAVE_LINUX_IF_PACKET_H 1
| #define HAVE_LINUX_FILTER_H 1
| #define HAVE_NETDB_H 1
| #define HAVE_NETINET_IN_H 1
| #define HAVE_STDLIB_H 1
| #define HAVE_STRING_H 1
| #define HAVE_STRINGS_H 1
| #define HAVE_SYS_SOCKET_H 1
| #define HAVE_SYS_TIME_H 1
| #define HAVE_SYSLOG_H 1
| #define HAVE_UNISTD_H 1
| #define HAVE_SIGNAL_H 1
| #define HAVE_IFADDRS_H 1
| /* end confdefs.h.  */
| #include <stdio.h>
| #ifdef HAVE_SYS_TYPES_H
| # include <sys/types.h>
| #endif
| #ifdef HAVE_SYS_STAT_H
| # include <sys/stat.h>
| #endif
| #ifdef STDC_HEADERS
| # include <stdlib.h>
| # include <stddef.h>
| #else
| # ifdef HAVE_STDLIB_H
| #  include <stdlib.h>
| # endif
| #endif
| #ifdef HAVE_STRING_H
| # if !defined STDC_HEADERS && defined HAVE_MEMORY_H
| #  include <memory.h>
| # endif
| # include <string.h>
| #endif
| #ifdef HAVE_STRINGS_H
| # include <strings.h>
| #endif
| #ifdef HAVE_INTTYPES_H
| # include <inttypes.h>
| #endif
| #ifdef HAVE_STDINT_H
| # include <stdint.h>
| #endif
| #ifdef HAVE_UNISTD_H
| # include <unistd.h>
| #endif
| int
| main ()
| {
| if (sizeof ((size_t)))
| 	    return 0;
|   ;
|   return 0;
| }
configure:6826: result: yes
configure:6837: checking for ssize_t
configure:6837: gcc -c  -O2   conftest.c >&5
configure:6837: $? = 0
configure:6837: gcc -c  -O2   conftest.c >&5
conftest.c: In function 'main':
conftest.c:81:22: error: expected expression before ')' token
 if (sizeof ((ssize_t)))
                      ^
configure:6837: $? = 1
configure: failed program was:
| /* confdefs.h */
| #define PACKAGE_NAME "Iperf"
| #define PACKAGE_TARNAME "iperf"
| #define PACKAGE_VERSION "2.0.14a"
| #define PACKAGE_STRING "Iperf 2.0.14a"
| #define PACKAGE_BUGREPORT ""
| #define PACKAGE_URL ""
| #define PACKAGE "iperf"
| #define VERSION "2.0.14a"
| #define HAVE_AF_PACKET 1
| #define HAVE_LIBRT 1
| #define HAVE_PTHREAD 1
| #define HAVE_POSIX_THREAD 1
| #define _REENTRANT 1
| #define STDC_HEADERS 1
| #define HAVE_SYS_TYPES_H 1
| #define HAVE_SYS_STAT_H 1
| #define HAVE_STDLIB_H 1
| #define HAVE_STRING_H 1
| #define HAVE_MEMORY_H 1
| #define HAVE_STRINGS_H 1
| #define HAVE_INTTYPES_H 1
| #define HAVE_STDINT_H 1
| #define HAVE_UNISTD_H 1
| #define HAVE_ARPA_INET_H 1
| #define HAVE_LIBINTL_H 1
| #define HAVE_NET_ETHERNET_H 1
| #define HAVE_NET_IF_H 1
| #define HAVE_LINUX_IP_H 1
| #define HAVE_LINUX_UDP_H 1
| #define HAVE_LINUX_IF_PACKET_H 1
| #define HAVE_LINUX_FILTER_H 1
| #define HAVE_NETDB_H 1
| #define HAVE_NETINET_IN_H 1
| #define HAVE_STDLIB_H 1
| #define HAVE_STRING_H 1
| #define HAVE_STRINGS_H 1
| #define HAVE_SYS_SOCKET_H 1
| #define HAVE_SYS_TIME_H 1
| #define HAVE_SYSLOG_H 1
| #define HAVE_UNISTD_H 1
| #define HAVE_SIGNAL_H 1
| #define HAVE_IFADDRS_H 1
| /* end confdefs.h.  */
| #include <stdio.h>
| #ifdef HAVE_SYS_TYPES_H
| # include <sys/types.h>
| #endif
| #ifdef HAVE_SYS_STAT_H
| # include <sys/stat.h>
| #endif
| #ifdef STDC_HEADERS
| # include <stdlib.h>
| # include <stddef.h>
| #else
| # ifdef HAVE_STDLIB_H
| #  include <stdlib.h>
| # endif
| #endif
| #ifdef HAVE_STRING_H
| # if !defined STDC_HEADERS && defined HAVE_MEMORY_H
| #  include <memory.h>
| # endif
| # include <string.h>
| #endif
| #ifdef HAVE_STRINGS_H
| # include <strings.h>
| #endif
| #ifdef HAVE_INTTYPES_H
| # include <inttypes.h>
| #endif
| #ifdef HAVE_STDINT_H
| # include <stdint.h>
| #endif
| #ifdef HAVE_UNISTD_H
| # include <unistd.h>
| #endif
| int
| main ()
| {
| if (sizeof ((ssize_t)))
| 	    return 0;
|   ;
|   return 0;
| }
configure:6837: result: yes
configure:6852: checking whether time.h and sys/time.h may both be included
configure:6872: gcc -c  -O2   conftest.c >&5
configure:6872: $? = 0
configure:6879: result: yes
configure:6887: checking whether struct tm is in sys/time.h or time.h
configure:6907: gcc -c  -O2   conftest.c >&5
configure:6907: $? = 0
configure:6914: result: time.h
configure:6923: checking for int64_t
configure:6923: gcc -c  -O2   conftest.c >&5
configure:6923: $? = 0
configure:6923: gcc -c  -O2   conftest.c >&5
conftest.c: In function 'main':
conftest.c:83:22: error: expected expression before ')' token
 if (sizeof ((int64_t)))
                      ^
configure:6923: $? = 1
configure: failed program was:
| /* confdefs.h */
| #define PACKAGE_NAME "Iperf"
| #define PACKAGE_TARNAME "iperf"
| #define PACKAGE_VERSION "2.0.14a"
| #define PACKAGE_STRING "Iperf 2.0.14a"
| #define PACKAGE_BUGREPORT ""
| #define PACKAGE_URL ""
| #define PACKAGE "iperf"
| #define VERSION "2.0.14a"
| #define HAVE_AF_PACKET 1
| #define HAVE_LIBRT 1
| #define HAVE_PTHREAD 1
| #define HAVE_POSIX_THREAD 1
| #define _REENTRANT 1
| #define STDC_HEADERS 1
| #define HAVE_SYS_TYPES_H 1
| #define HAVE_SYS_STAT_H 1
| #define HAVE_STDLIB_H 1
| #define HAVE_STRING_H 1
| #define HAVE_MEMORY_H 1
| #define HAVE_STRINGS_H 1
| #define HAVE_INTTYPES_H 1
| #define HAVE_STDINT_H 1
| #define HAVE_UNISTD_H 1
| #define HAVE_ARPA_INET_H 1
| #define HAVE_LIBINTL_H 1
| #define HAVE_NET_ETHERNET_H 1
| #define HAVE_NET_IF_H 1
| #define HAVE_LINUX_IP_H 1
| #define HAVE_LINUX_UDP_H 1
| #define HAVE_LINUX_IF_PACKET_H 1
| #define HAVE_LINUX_FILTER_H 1
| #define HAVE_NETDB_H 1
| #define HAVE_NETINET_IN_H 1
| #define HAVE_STDLIB_H 1
| #define HAVE_STRING_H 1
| #define HAVE_STRINGS_H 1
| #define HAVE_SYS_SOCKET_H 1
| #define HAVE_SYS_TIME_H 1
| #define HAVE_SYSLOG_H 1
| #define HAVE_UNISTD_H 1
| #define HAVE_SIGNAL_H 1
| #define HAVE_IFADDRS_H 1
| #define HAVE_SSIZE_T 1
| #define TIME_WITH_SYS_TIME 1
| /* end confdefs.h.  */
| #include <stdio.h>
| #ifdef HAVE_SYS_TYPES_H
| # include <sys/types.h>
| #endif
| #ifdef HAVE_SYS_STAT_H
| # include <sys/stat.h>
| #endif
| #ifdef STDC_HEADERS
| # include <stdlib.h>
| # include <stddef.h>
| #else
| # ifdef HAVE_STDLIB_H
| #  include <stdlib.h>
| # endif
| #endif
| #ifdef HAVE_STRING_H
| # if !defined STDC_HEADERS && defined HAVE_MEMORY_H
| #  include <memory.h>
| # endif
| # include <string.h>
| #endif
| #ifdef HAVE_STRINGS_H
| # include <strings.h>
| #endif
| #ifdef HAVE_INTTYPES_H
| # include <inttypes.h>
| #endif
| #ifdef HAVE_STDINT_H
| # include <stdint.h>
| #endif
| #ifdef HAVE_UNISTD_H
| # include <unistd.h>
| #endif
| int
| main ()
| {
| if (sizeof ((int64_t)))
| 	    return 0;
|   ;
|   return 0;
| }
configure:6923: result: yes
configure:6935: checking 3rd argument of accept
configure:6964: g++ -c  -O2   conftest.cpp >&5
configure:6964: $? = 0
configure:7127: result: socklen_t
configure:7140: checking for working memcmp
configure:7183: gcc -o conftest  -O2    conftest.c -lrt  >&5
configure:7183: $? = 0
configure:7183: ./conftest
configure:7183: $? = 0
configure:7193: result: yes
configure:7205: checking sys/select.h usability
configure:7205: gcc -c  -O2   conftest.c >&5
configure:7205: $? = 0
configure:7205: result: yes
configure:7205: checking sys/select.h presence
configure:7205: gcc -E  conftest.c
configure:7205: $? = 0
configure:7205: result: yes
configure:7205: checking for sys/select.h
configure:7205: result: yes
configure:7205: checking for sys/socket.h
configure:7205: result: yes
configure:7215: checking types of arguments for select
configure:7243: gcc -c  -O2   conftest.c >&5
configure:7243: $? = 0
configure:7254: result: int,fd_set *,struct timeval *
configure:7277: checking return type of signal handlers
configure:7295: gcc -c  -O2   conftest.c >&5
conftest.c: In function 'main':
conftest.c:60:10: error: void value not ignored as it ought to be
 return *(signal (0, 0)) (0) == 1;
         ~^~~~~~~~~~~~~~~~~~
configure:7295: $? = 1
configure: failed program was:
| /* confdefs.h */
| #define PACKAGE_NAME "Iperf"
| #define PACKAGE_TARNAME "iperf"
| #define PACKAGE_VERSION "2.0.14a"
| #define PACKAGE_STRING "Iperf 2.0.14a"
| #define PACKAGE_BUGREPORT ""
| #define PACKAGE_URL ""
| #define PACKAGE "iperf"
| #define VERSION "2.0.14a"
| #define HAVE_AF_PACKET 1
| #define HAVE_LIBRT 1
| #define HAVE_PTHREAD 1
| #define HAVE_POSIX_THREAD 1
| #define _REENTRANT 1
| #define STDC_HEADERS 1
| #define HAVE_SYS_TYPES_H 1
| #define HAVE_SYS_STAT_H 1
| #define HAVE_STDLIB_H 1
| #define HAVE_STRING_H 1
| #define HAVE_MEMORY_H 1
| #define HAVE_STRINGS_H 1
| #define HAVE_INTTYPES_H 1
| #define HAVE_STDINT_H 1
| #define HAVE_UNISTD_H 1
| #define HAVE_ARPA_INET_H 1
| #define HAVE_LIBINTL_H 1
| #define HAVE_NET_ETHERNET_H 1
| #define HAVE_NET_IF_H 1
| #define HAVE_LINUX_IP_H 1
| #define HAVE_LINUX_UDP_H 1
| #define HAVE_LINUX_IF_PACKET_H 1
| #define HAVE_LINUX_FILTER_H 1
| #define HAVE_NETDB_H 1
| #define HAVE_NETINET_IN_H 1
| #define HAVE_STDLIB_H 1
| #define HAVE_STRING_H 1
| #define HAVE_STRINGS_H 1
| #define HAVE_SYS_SOCKET_H 1
| #define HAVE_SYS_TIME_H 1
| #define HAVE_SYSLOG_H 1
| #define HAVE_UNISTD_H 1
| #define HAVE_SIGNAL_H 1
| #define HAVE_IFADDRS_H 1
| #define HAVE_SSIZE_T 1
| #define TIME_WITH_SYS_TIME 1
| #define HAVE_INT64_T 1
| #define Socklen_t socklen_t
| #define HAVE_SYS_SELECT_H 1
| #define HAVE_SYS_SOCKET_H 1
| #define SELECT_TYPE_ARG1 int
| #define SELECT_TYPE_ARG234 (fd_set *)
| #define SELECT_TYPE_ARG5 (struct timeval *)
| /* end confdefs.h.  */
| #include <sys/types.h>
| #include <signal.h>
| 
| int
| main ()
| {
| return *(signal (0, 0)) (0) == 1;
|   ;
|   return 0;
| }
configure:7302: result: void
configure:7312: checking for strftime
configure:7312: gcc -o conftest  -O2    conftest.c -lrt  >&5
conftest.c:78:6: warning: conflicting types for built-in function 'strftime'
 char strftime ();
      ^~~~~~~~
configure:7312: $? = 0
configure:7312: result: yes
configure:7367: checking for vprintf
configure:7367: gcc -o conftest  -O2    conftest.c -lrt  >&5
conftest.c:79:6: warning: conflicting types for built-in function 'vprintf'
 char vprintf ();
      ^~~~~~~
configure:7367: $? = 0
configure:7367: result: yes
configure:7373: checking for _doprnt
configure:7373: gcc -o conftest  -O2    conftest.c -lrt  >&5
/tmp/ccfgTmDw.o: In function `main':
conftest.c:(.text.startup+0x7): undefined reference to `_doprnt'
collect2: error: ld returned 1 exit status
configure:7373: $? = 1
configure: failed program was:
| /* confdefs.h */
| #define PACKAGE_NAME "Iperf"
| #define PACKAGE_TARNAME "iperf"
| #define PACKAGE_VERSION "2.0.14a"
| #define PACKAGE_STRING "Iperf 2.0.14a"
| #define PACKAGE_BUGREPORT ""
| #define PACKAGE_URL ""
| #define PACKAGE "iperf"
| #define VERSION "2.0.14a"
| #define HAVE_AF_PACKET 1
| #define HAVE_LIBRT 1
| #define HAVE_PTHREAD 1
| #define HAVE_POSIX_THREAD 1
| #define _REENTRANT 1
| #define STDC_HEADERS 1
| #define HAVE_SYS_TYPES_H 1
| #define HAVE_SYS_STAT_H 1
| #define HAVE_STDLIB_H 1
| #define HAVE_STRING_H 1
| #define HAVE_MEMORY_H 1
| #define HAVE_STRINGS_H 1
| #define HAVE_INTTYPES_H 1
| #define HAVE_STDINT_H 1
| #define HAVE_UNISTD_H 1
| #define HAVE_ARPA_INET_H 1
| #define HAVE_LIBINTL_H 1
| #define HAVE_NET_ETHERNET_H 1
| #define HAVE_NET_IF_H 1
| #define HAVE_LINUX_IP_H 1
| #define HAVE_LINUX_UDP_H 1
| #define HAVE_LINUX_IF_PACKET_H 1
| #define HAVE_LINUX_FILTER_H 1
| #define HAVE_NETDB_H 1
| #define HAVE_NETINET_IN_H 1
| #define HAVE_STDLIB_H 1
| #define HAVE_STRING_H 1
| #define HAVE_STRINGS_H 1
| #define HAVE_SYS_SOCKET_H 1
| #define HAVE_SYS_TIME_H 1
| #define HAVE_SYSLOG_H 1
| #define HAVE_UNISTD_H 1
| #define HAVE_SIGNAL_H 1
| #define HAVE_IFADDRS_H 1
| #define HAVE_SSIZE_T 1
| #define TIME_WITH_SYS_TIME 1
| #define HAVE_INT64_T 1
| #define Socklen_t socklen_t
| #define HAVE_SYS_SELECT_H 1
| #define HAVE_SYS_SOCKET_H 1
| #define SELECT_TYPE_ARG1 int
| #define SELECT_TYPE_ARG234 (fd_set *)
| #define SELECT_TYPE_ARG5 (struct timeval *)
| #define RETSIGTYPE void
| #define HAVE_STRFTIME 1
| #define HAVE_VPRINTF 1
| /* end confdefs.h.  */
| /* Define _doprnt to an innocuous variant, in case <limits.h> declares _doprnt.
|    For example, HP-UX 11i <limits.h> declares gettimeofday.  */
| #define _doprnt innocuous__doprnt
| 
| /* System header to define __stub macros and hopefully few prototypes,
|     which can conflict with char _doprnt (); below.
|     Prefer <limits.h> to <assert.h> if __STDC__ is defined, since
|     <limits.h> exists even on freestanding compilers.  */
| 
| #ifdef __STDC__
| # include <limits.h>
| #else
| # include <assert.h>
| #endif
| 
| #undef _doprnt
| 
| /* Override any GCC internal prototype to avoid an error.
|    Use char because int might match the return type of a GCC
|    builtin and then its argument prototype would still apply.  */
| #ifdef __cplusplus
| extern "C"
| #endif
| char _doprnt ();
| /* The GNU C library defines this for functions which it implements
|     to always fail with ENOSYS.  Some functions are actually named
|     something starting with __ and the normal name is an alias.  */
| #if defined __stub__doprnt || defined __stub____doprnt
| choke me
| #endif
| 
| int
| main ()
| {
| return _doprnt ();
|   ;
|   return 0;
| }
configure:7373: result: no
configure:7387: checking for atexit
configure:7387: gcc -o conftest  -O2    conftest.c -lrt  >&5
configure:7387: $? = 0
configure:7387: result: yes
configure:7387: checking for memset
configure:7387: gcc -o conftest  -O2    conftest.c -lrt  >&5
conftest.c:81:6: warning: conflicting types for built-in function 'memset'
 char memset ();
      ^~~~~~
configure:7387: $? = 0
configure:7387: result: yes
configure:7387: checking for pthread_cancel
configure:7387: gcc -o conftest  -O2    conftest.c -lrt  >&5
/usr/bin/ld: /tmp/ccIAAfeD.o: undefined reference to symbol 'pthread_cancel@@GLIBC_2.2.5'
/usr/lib64/libpthread.so.0: error adding symbols: DSO missing from command line
collect2: error: ld returned 1 exit status
configure:7387: $? = 1
configure: failed program was:
| /* confdefs.h */
| #define PACKAGE_NAME "Iperf"
| #define PACKAGE_TARNAME "iperf"
| #define PACKAGE_VERSION "2.0.14a"
| #define PACKAGE_STRING "Iperf 2.0.14a"
| #define PACKAGE_BUGREPORT ""
| #define PACKAGE_URL ""
| #define PACKAGE "iperf"
| #define VERSION "2.0.14a"
| #define HAVE_AF_PACKET 1
| #define HAVE_LIBRT 1
| #define HAVE_PTHREAD 1
| #define HAVE_POSIX_THREAD 1
| #define _REENTRANT 1
| #define STDC_HEADERS 1
| #define HAVE_SYS_TYPES_H 1
| #define HAVE_SYS_STAT_H 1
| #define HAVE_STDLIB_H 1
| #define HAVE_STRING_H 1
| #define HAVE_MEMORY_H 1
| #define HAVE_STRINGS_H 1
| #define HAVE_INTTYPES_H 1
| #define HAVE_STDINT_H 1
| #define HAVE_UNISTD_H 1
| #define HAVE_ARPA_INET_H 1
| #define HAVE_LIBINTL_H 1
| #define HAVE_NET_ETHERNET_H 1
| #define HAVE_NET_IF_H 1
| #define HAVE_LINUX_IP_H 1
| #define HAVE_LINUX_UDP_H 1
| #define HAVE_LINUX_IF_PACKET_H 1
| #define HAVE_LINUX_FILTER_H 1
| #define HAVE_NETDB_H 1
| #define HAVE_NETINET_IN_H 1
| #define HAVE_STDLIB_H 1
| #define HAVE_STRING_H 1
| #define HAVE_STRINGS_H 1
| #define HAVE_SYS_SOCKET_H 1
| #define HAVE_SYS_TIME_H 1
| #define HAVE_SYSLOG_H 1
| #define HAVE_UNISTD_H 1
| #define HAVE_SIGNAL_H 1
| #define HAVE_IFADDRS_H 1
| #define HAVE_SSIZE_T 1
| #define TIME_WITH_SYS_TIME 1
| #define HAVE_INT64_T 1
| #define Socklen_t socklen_t
| #define HAVE_SYS_SELECT_H 1
| #define HAVE_SYS_SOCKET_H 1
| #define SELECT_TYPE_ARG1 int
| #define SELECT_TYPE_ARG234 (fd_set *)
| #define SELECT_TYPE_ARG5 (struct timeval *)
| #define RETSIGTYPE void
| #define HAVE_STRFTIME 1
| #define HAVE_VPRINTF 1
| #define HAVE_ATEXIT 1
| #define HAVE_MEMSET 1
| /* end confdefs.h.  */
| /* Define pthread_cancel to an innocuous variant, in case <limits.h> declares pthread_cancel.
|    For example, HP-UX 11i <limits.h> declares gettimeofday.  */
| #define pthread_cancel innocuous_pthread_cancel
| 
| /* System header to define __stub macros and hopefully few prototypes,
|     which can conflict with char pthread_cancel (); below.
|     Prefer <limits.h> to <assert.h> if __STDC__ is defined, since
|     <limits.h> exists even on freestanding compilers.  */
| 
| #ifdef __STDC__
| # include <limits.h>
| #else
| # include <assert.h>
| #endif
| 
| #undef pthread_cancel
| 
| /* Override any GCC internal prototype to avoid an error.
|    Use char because int might match the return type of a GCC
|    builtin and then its argument prototype would still apply.  */
| #ifdef __cplusplus
| extern "C"
| #endif
| char pthread_cancel ();
| /* The GNU C library defines this for functions which it implements
|     to always fail with ENOSYS.  Some functions are actually named
|     something starting with __ and the normal name is an alias.  */
| #if defined __stub_pthread_cancel || defined __stub___pthread_cancel
| choke me
| #endif
| 
| int
| main ()
| {
| return pthread_cancel ();
|   ;
|   return 0;
| }
configure:7387: result: no
configure:7387: checking for select
configure:7387: gcc -o conftest  -O2    conftest.c -lrt  >&5
configure:7387: $? = 0
configure:7387: result: yes
configure:7387: checking for strchr
configure:7387: gcc -o conftest  -O2    conftest.c -lrt  >&5
conftest.c:83:6: warning: conflicting types for built-in function 'strchr'
 char strchr ();
      ^~~~~~
configure:7387: $? = 0
configure:7387: result: yes
configure:7387: checking for strerror
configure:7387: gcc -o conftest  -O2    conftest.c -lrt  >&5
configure:7387: $? = 0
configure:7387: result: yes
configure:7387: checking for strtol
configure:7387: gcc -o conftest  -O2    conftest.c -lrt  >&5
configure:7387: $? = 0
configure:7387: result: yes
configure:7387: checking for strtoll
configure:7387: gcc -o conftest  -O2    conftest.c -lrt  >&5
configure:7387: $? = 0
configure:7387: result: yes
configure:7387: checking for usleep
configure:7387: gcc -o conftest  -O2    conftest.c -lrt  >&5
configure:7387: $? = 0
configure:7387: result: yes
configure:7387: checking for clock_gettime
configure:7387: gcc -o conftest  -O2    conftest.c -lrt  >&5
configure:7387: $? = 0
configure:7387: result: yes
configure:7387: checking for sched_setscheduler
configure:7387: gcc -o conftest  -O2    conftest.c -lrt  >&5
configure:7387: $? = 0
configure:7387: result: yes
configure:7387: checking for mlockall
configure:7387: gcc -o conftest  -O2    conftest.c -lrt  >&5
configure:7387: $? = 0
configure:7387: result: yes
configure:7387: checking for setitimer
configure:7387: gcc -o conftest  -O2    conftest.c -lrt  >&5
configure:7387: $? = 0
configure:7387: result: yes
configure:7387: checking for nanosleep
configure:7387: gcc -o conftest  -O2    conftest.c -lrt  >&5
configure:7387: $? = 0
configure:7387: result: yes
configure:7387: checking for clock_nanosleep
configure:7387: gcc -o conftest  -O2    conftest.c -lrt  >&5
configure:7387: $? = 0
configure:7387: result: yes
configure:7396: checking for snprintf
configure:7396: gcc -o conftest  -O2    conftest.c -lrt  >&5
conftest.c:94:6: warning: conflicting types for built-in function 'snprintf'
 char snprintf ();
      ^~~~~~~~
configure:7396: $? = 0
configure:7396: result: yes
configure:7409: checking for inet_pton
configure:7409: gcc -o conftest  -O2    conftest.c -lrt  >&5
configure:7409: $? = 0
configure:7409: result: yes
configure:7422: checking for inet_ntop
configure:7422: gcc -o conftest  -O2    conftest.c -lrt  >&5
configure:7422: $? = 0
configure:7422: result: yes
configure:7435: checking for gettimeofday
configure:7435: gcc -o conftest  -O2    conftest.c -lrt  >&5
configure:7435: $? = 0
configure:7435: result: yes
configure:7449: checking whether ENOBUFS is declared
configure:7449: gcc -c  -O2   conftest.c >&5
configure:7449: $? = 0
configure:7449: result: yes
configure:7460: checking whether EWOULDBLOCK is declared
configure:7460: gcc -c  -O2   conftest.c >&5
configure:7460: $? = 0
configure:7460: result: yes
configure:7472: checking whether CPU_SET is declared
configure:7472: gcc -c  -O2   conftest.c >&5
configure:7472: $? = 0
configure:7472: result: yes
configure:7487: checking whether SIGALRM is declared
configure:7487: gcc -c  -O2   conftest.c >&5
configure:7487: $? = 0
configure:7487: result: yes
configure:7514: checking whether AF_INET6 is declared
configure:7514: gcc -c  -O2   conftest.c >&5
configure:7514: $? = 0
configure:7514: result: yes
configure:7525: checking whether SO_TIMESTAMP is declared
configure:7525: gcc -c  -O2   conftest.c >&5
configure:7525: $? = 0
configure:7525: result: yes
configure:7536: checking whether SO_SNDTIMEO is declared
configure:7536: gcc -c  -O2   conftest.c >&5
configure:7536: $? = 0
configure:7536: result: yes
configure:7547: checking whether SO_MAX_PACING_RATE is declared
configure:7547: gcc -c  -O2   conftest.c >&5
configure:7547: $? = 0
configure:7547: result: yes
configure:7558: checking whether IPV6_TCLASS is declared
configure:7558: gcc -c  -O2   conftest.c >&5
configure:7558: $? = 0
configure:7558: result: yes
configure:7569: checking whether MCAST_JOIN_GROUP is declared
configure:7569: gcc -c  -O2   conftest.c >&5
configure:7569: $? = 0
configure:7569: result: yes
configure:7580: checking whether MCAST_JOIN_SOURCE_GROUP is declared
configure:7580: gcc -c  -O2   conftest.c >&5
configure:7580: $? = 0
configure:7580: result: yes
configure:7591: checking whether IPV6_ADD_MEMBERSHIP is declared
configure:7591: gcc -c  -O2   conftest.c >&5
configure:7591: $? = 0
configure:7591: result: yes
configure:7602: checking whether IPV6_MULTICAST_HOPS is declared
configure:7602: gcc -c  -O2   conftest.c >&5
configure:7602: $? = 0
configure:7602: result: yes
configure:7613: checking whether IP_ADD_MEMBERSHIP is declared
configure:7613: gcc -c  -O2   conftest.c >&5
configure:7613: $? = 0
configure:7613: result: yes
configure:7624: checking whether IP_ADD_SOURCE_MEMBERSHIP is declared
configure:7624: gcc -c  -O2   conftest.c >&5
configure:7624: $? = 0
configure:7624: result: yes
configure:7637: checking for struct sockaddr_storage
configure:7637: gcc -c  -O2   conftest.c >&5
configure:7637: $? = 0
configure:7637: gcc -c  -O2   conftest.c >&5
conftest.c: In function 'main':
conftest.c:106:38: error: expected expression before ')' token
 if (sizeof ((struct sockaddr_storage)))
                                      ^
configure:7637: $? = 1
configure: failed program was:
| /* confdefs.h */
| #define PACKAGE_NAME "Iperf"
| #define PACKAGE_TARNAME "iperf"
| #define PACKAGE_VERSION "2.0.14a"
| #define PACKAGE_STRING "Iperf 2.0.14a"
| #define PACKAGE_BUGREPORT ""
| #define PACKAGE_URL ""
| #define PACKAGE "iperf"
| #define VERSION "2.0.14a"
| #define HAVE_AF_PACKET 1
| #define HAVE_LIBRT 1
| #define HAVE_PTHREAD 1
| #define HAVE_POSIX_THREAD 1
| #define _REENTRANT 1
| #define STDC_HEADERS 1
| #define HAVE_SYS_TYPES_H 1
| #define HAVE_SYS_STAT_H 1
| #define HAVE_STDLIB_H 1
| #define HAVE_STRING_H 1
| #define HAVE_MEMORY_H 1
| #define HAVE_STRINGS_H 1
| #define HAVE_INTTYPES_H 1
| #define HAVE_STDINT_H 1
| #define HAVE_UNISTD_H 1
| #define HAVE_ARPA_INET_H 1
| #define HAVE_LIBINTL_H 1
| #define HAVE_NET_ETHERNET_H 1
| #define HAVE_NET_IF_H 1
| #define HAVE_LINUX_IP_H 1
| #define HAVE_LINUX_UDP_H 1
| #define HAVE_LINUX_IF_PACKET_H 1
| #define HAVE_LINUX_FILTER_H 1
| #define HAVE_NETDB_H 1
| #define HAVE_NETINET_IN_H 1
| #define HAVE_STDLIB_H 1
| #define HAVE_STRING_H 1
| #define HAVE_STRINGS_H 1
| #define HAVE_SYS_SOCKET_H 1
| #define HAVE_SYS_TIME_H 1
| #define HAVE_SYSLOG_H 1
| #define HAVE_UNISTD_H 1
| #define HAVE_SIGNAL_H 1
| #define HAVE_IFADDRS_H 1
| #define HAVE_SSIZE_T 1
| #define TIME_WITH_SYS_TIME 1
| #define HAVE_INT64_T 1
| #define Socklen_t socklen_t
| #define HAVE_SYS_SELECT_H 1
| #define HAVE_SYS_SOCKET_H 1
| #define SELECT_TYPE_ARG1 int
| #define SELECT_TYPE_ARG234 (fd_set *)
| #define SELECT_TYPE_ARG5 (struct timeval *)
| #define RETSIGTYPE void
| #define HAVE_STRFTIME 1
| #define HAVE_VPRINTF 1
| #define HAVE_ATEXIT 1
| #define HAVE_MEMSET 1
| #define HAVE_SELECT 1
| #define HAVE_STRCHR 1
| #define HAVE_STRERROR 1
| #define HAVE_STRTOL 1
| #define HAVE_STRTOLL 1
| #define HAVE_USLEEP 1
| #define HAVE_CLOCK_GETTIME 1
| #define HAVE_SCHED_SETSCHEDULER 1
| #define HAVE_MLOCKALL 1
| #define HAVE_SETITIMER 1
| #define HAVE_NANOSLEEP 1
| #define HAVE_CLOCK_NANOSLEEP 1
| #define HAVE_SNPRINTF 1
| #define HAVE_INET_PTON 1
| #define HAVE_INET_NTOP 1
| #define HAVE_GETTIMEOFDAY 1
| #define HAVE_DECL_ENOBUFS 1
| #define HAVE_DECL_EWOULDBLOCK 1
| #define HAVE_DECL_CPU_SET 1
| #define HAVE_DECL_SIGALRM 1
| #define HAVE_DECL_AF_INET6 1
| #define HAVE_DECL_SO_TIMESTAMP 1
| #define HAVE_DECL_SO_SNDTIMEO 1
| #define HAVE_DECL_SO_MAX_PACING_RATE 1
| #define HAVE_DECL_IPV6_TCLASS 1
| #define HAVE_DECL_MCAST_JOIN_GROUP 1
| #define HAVE_DECL_MCAST_JOIN_SOURCE_GROUP 1
| #define HAVE_DECL_IPV6_ADD_MEMBERSHIP 1
| #define HAVE_DECL_IPV6_MULTICAST_HOPS 1
| #define HAVE_DECL_IP_ADD_MEMBERSHIP 1
| #define HAVE_DECL_IP_ADD_SOURCE_MEMBERSHIP 1
| /* end confdefs.h.  */
| 
| #ifdef HAVE_WINSOCK2_H
| #define _WIN32_WINNT 0x0501 /* use (at least) WinXP API */
| #define WIN32_LEAN_AND_MEAN /* exclude unnecesary headers */
| #include <windows.h>
| #include <winsock2.h>
| #include <ws2tcpip.h>
| #else
| #include <sys/socket.h>
| #include <netinet/in.h>
| #endif
| 
| 
| int
| main ()
| {
| if (sizeof ((struct sockaddr_storage)))
| 	    return 0;
|   ;
|   return 0;
| }
configure:7637: result: yes
configure:7647: checking for struct sockaddr_in6
configure:7647: gcc -c  -O2   conftest.c >&5
configure:7647: $? = 0
configure:7647: gcc -c  -O2   conftest.c >&5
conftest.c: In function 'main':
conftest.c:107:34: error: expected expression before ')' token
 if (sizeof ((struct sockaddr_in6)))
                                  ^
configure:7647: $? = 1
configure: failed program was:
| /* confdefs.h */
| #define PACKAGE_NAME "Iperf"
| #define PACKAGE_TARNAME "iperf"
| #define PACKAGE_VERSION "2.0.14a"
| #define PACKAGE_STRING "Iperf 2.0.14a"
| #define PACKAGE_BUGREPORT ""
| #define PACKAGE_URL ""
| #define PACKAGE "iperf"
| #define VERSION "2.0.14a"
| #define HAVE_AF_PACKET 1
| #define HAVE_LIBRT 1
| #define HAVE_PTHREAD 1
| #define HAVE_POSIX_THREAD 1
| #define _REENTRANT 1
| #define STDC_HEADERS 1
| #define HAVE_SYS_TYPES_H 1
| #define HAVE_SYS_STAT_H 1
| #define HAVE_STDLIB_H 1
| #define HAVE_STRING_H 1
| #define HAVE_MEMORY_H 1
| #define HAVE_STRINGS_H 1
| #define HAVE_INTTYPES_H 1
| #define HAVE_STDINT_H 1
| #define HAVE_UNISTD_H 1
| #define HAVE_ARPA_INET_H 1
| #define HAVE_LIBINTL_H 1
| #define HAVE_NET_ETHERNET_H 1
| #define HAVE_NET_IF_H 1
| #define HAVE_LINUX_IP_H 1
| #define HAVE_LINUX_UDP_H 1
| #define HAVE_LINUX_IF_PACKET_H 1
| #define HAVE_LINUX_FILTER_H 1
| #define HAVE_NETDB_H 1
| #define HAVE_NETINET_IN_H 1
| #define HAVE_STDLIB_H 1
| #define HAVE_STRING_H 1
| #define HAVE_STRINGS_H 1
| #define HAVE_SYS_SOCKET_H 1
| #define HAVE_SYS_TIME_H 1
| #define HAVE_SYSLOG_H 1
| #define HAVE_UNISTD_H 1
| #define HAVE_SIGNAL_H 1
| #define HAVE_IFADDRS_H 1
| #define HAVE_SSIZE_T 1
| #define TIME_WITH_SYS_TIME 1
| #define HAVE_INT64_T 1
| #define Socklen_t socklen_t
| #define HAVE_SYS_SELECT_H 1
| #define HAVE_SYS_SOCKET_H 1
| #define SELECT_TYPE_ARG1 int
| #define SELECT_TYPE_ARG234 (fd_set *)
| #define SELECT_TYPE_ARG5 (struct timeval *)
| #define RETSIGTYPE void
| #define HAVE_STRFTIME 1
| #define HAVE_VPRINTF 1
| #define HAVE_ATEXIT 1
| #define HAVE_MEMSET 1
| #define HAVE_SELECT 1
| #define HAVE_STRCHR 1
| #define HAVE_STRERROR 1
| #define HAVE_STRTOL 1
| #define HAVE_STRTOLL 1
| #define HAVE_USLEEP 1
| #define HAVE_CLOCK_GETTIME 1
| #define HAVE_SCHED_SETSCHEDULER 1
| #define HAVE_MLOCKALL 1
| #define HAVE_SETITIMER 1
| #define HAVE_NANOSLEEP 1
| #define HAVE_CLOCK_NANOSLEEP 1
| #define HAVE_SNPRINTF 1
| #define HAVE_INET_PTON 1
| #define HAVE_INET_NTOP 1
| #define HAVE_GETTIMEOFDAY 1
| #define HAVE_DECL_ENOBUFS 1
| #define HAVE_DECL_EWOULDBLOCK 1
| #define HAVE_DECL_CPU_SET 1
| #define HAVE_DECL_SIGALRM 1
| #define HAVE_DECL_AF_INET6 1
| #define HAVE_DECL_SO_TIMESTAMP 1
| #define HAVE_DECL_SO_SNDTIMEO 1
| #define HAVE_DECL_SO_MAX_PACING_RATE 1
| #define HAVE_DECL_IPV6_TCLASS 1
| #define HAVE_DECL_MCAST_JOIN_GROUP 1
| #define HAVE_DECL_MCAST_JOIN_SOURCE_GROUP 1
| #define HAVE_DECL_IPV6_ADD_MEMBERSHIP 1
| #define HAVE_DECL_IPV6_MULTICAST_HOPS 1
| #define HAVE_DECL_IP_ADD_MEMBERSHIP 1
| #define HAVE_DECL_IP_ADD_SOURCE_MEMBERSHIP 1
| #define HAVE_STRUCT_SOCKADDR_STORAGE 1
| /* end confdefs.h.  */
| 
| #ifdef HAVE_WINSOCK2_H
| #define _WIN32_WINNT 0x0501 /* use (at least) WinXP API */
| #define WIN32_LEAN_AND_MEAN /* exclude unnecesary headers */
| #include <windows.h>
| #include <winsock2.h>
| #include <ws2tcpip.h>
| #else
| #include <sys/socket.h>
| #include <netinet/in.h>
| #endif
| 
| 
| int
| main ()
| {
| if (sizeof ((struct sockaddr_in6)))
| 	    return 0;
|   ;
|   return 0;
| }
configure:7647: result: yes
configure:7657: checking for struct group_source_req
configure:7657: gcc -c  -O2   conftest.c >&5
configure:7657: $? = 0
configure:7657: gcc -c  -O2   conftest.c >&5
conftest.c: In function 'main':
conftest.c:108:38: error: expected expression before ')' token
 if (sizeof ((struct group_source_req)))
                                      ^
configure:7657: $? = 1
configure: failed program was:
| /* confdefs.h */
| #define PACKAGE_NAME "Iperf"
| #define PACKAGE_TARNAME "iperf"
| #define PACKAGE_VERSION "2.0.14a"
| #define PACKAGE_STRING "Iperf 2.0.14a"
| #define PACKAGE_BUGREPORT ""
| #define PACKAGE_URL ""
| #define PACKAGE "iperf"
| #define VERSION "2.0.14a"
| #define HAVE_AF_PACKET 1
| #define HAVE_LIBRT 1
| #define HAVE_PTHREAD 1
| #define HAVE_POSIX_THREAD 1
| #define _REENTRANT 1
| #define STDC_HEADERS 1
| #define HAVE_SYS_TYPES_H 1
| #define HAVE_SYS_STAT_H 1
| #define HAVE_STDLIB_H 1
| #define HAVE_STRING_H 1
| #define HAVE_MEMORY_H 1
| #define HAVE_STRINGS_H 1
| #define HAVE_INTTYPES_H 1
| #define HAVE_STDINT_H 1
| #define HAVE_UNISTD_H 1
| #define HAVE_ARPA_INET_H 1
| #define HAVE_LIBINTL_H 1
| #define HAVE_NET_ETHERNET_H 1
| #define HAVE_NET_IF_H 1
| #define HAVE_LINUX_IP_H 1
| #define HAVE_LINUX_UDP_H 1
| #define HAVE_LINUX_IF_PACKET_H 1
| #define HAVE_LINUX_FILTER_H 1
| #define HAVE_NETDB_H 1
| #define HAVE_NETINET_IN_H 1
| #define HAVE_STDLIB_H 1
| #define HAVE_STRING_H 1
| #define HAVE_STRINGS_H 1
| #define HAVE_SYS_SOCKET_H 1
| #define HAVE_SYS_TIME_H 1
| #define HAVE_SYSLOG_H 1
| #define HAVE_UNISTD_H 1
| #define HAVE_SIGNAL_H 1
| #define HAVE_IFADDRS_H 1
| #define HAVE_SSIZE_T 1
| #define TIME_WITH_SYS_TIME 1
| #define HAVE_INT64_T 1
| #define Socklen_t socklen_t
| #define HAVE_SYS_SELECT_H 1
| #define HAVE_SYS_SOCKET_H 1
| #define SELECT_TYPE_ARG1 int
| #define SELECT_TYPE_ARG234 (fd_set *)
| #define SELECT_TYPE_ARG5 (struct timeval *)
| #define RETSIGTYPE void
| #define HAVE_STRFTIME 1
| #define HAVE_VPRINTF 1
| #define HAVE_ATEXIT 1
| #define HAVE_MEMSET 1
| #define HAVE_SELECT 1
| #define HAVE_STRCHR 1
| #define HAVE_STRERROR 1
| #define HAVE_STRTOL 1
| #define HAVE_STRTOLL 1
| #define HAVE_USLEEP 1
| #define HAVE_CLOCK_GETTIME 1
| #define HAVE_SCHED_SETSCHEDULER 1
| #define HAVE_MLOCKALL 1
| #define HAVE_SETITIMER 1
| #define HAVE_NANOSLEEP 1
| #define HAVE_CLOCK_NANOSLEEP 1
| #define HAVE_SNPRINTF 1
| #define HAVE_INET_PTON 1
| #define HAVE_INET_NTOP 1
| #define HAVE_GETTIMEOFDAY 1
| #define HAVE_DECL_ENOBUFS 1
| #define HAVE_DECL_EWOULDBLOCK 1
| #define HAVE_DECL_CPU_SET 1
| #define HAVE_DECL_SIGALRM 1
| #define HAVE_DECL_AF_INET6 1
| #define HAVE_DECL_SO_TIMESTAMP 1
| #define HAVE_DECL_SO_SNDTIMEO 1
| #define HAVE_DECL_SO_MAX_PACING_RATE 1
| #define HAVE_DECL_IPV6_TCLASS 1
| #define HAVE_DECL_MCAST_JOIN_GROUP 1
| #define HAVE_DECL_MCAST_JOIN_SOURCE_GROUP 1
| #define HAVE_DECL_IPV6_ADD_MEMBERSHIP 1
| #define HAVE_DECL_IPV6_MULTICAST_HOPS 1
| #define HAVE_DECL_IP_ADD_MEMBERSHIP 1
| #define HAVE_DECL_IP_ADD_SOURCE_MEMBERSHIP 1
| #define HAVE_STRUCT_SOCKADDR_STORAGE 1
| #define HAVE_STRUCT_SOCKADDR_IN6 1
| /* end confdefs.h.  */
| 
| #ifdef HAVE_WINSOCK2_H
| #define _WIN32_WINNT 0x0501 /* use (at least) WinXP API */
| #define WIN32_LEAN_AND_MEAN /* exclude unnecesary headers */
| #include <windows.h>
| #include <winsock2.h>
| #include <ws2tcpip.h>
| #else
| #include <sys/socket.h>
| #include <netinet/in.h>
| #endif
| 
| 
| int
| main ()
| {
| if (sizeof ((struct group_source_req)))
| 	    return 0;
|   ;
|   return 0;
| }
configure:7657: result: yes
configure:7667: checking for struct ip_mreq
configure:7667: gcc -c  -O2   conftest.c >&5
configure:7667: $? = 0
configure:7667: gcc -c  -O2   conftest.c >&5
conftest.c: In function 'main':
conftest.c:109:29: error: expected expression before ')' token
 if (sizeof ((struct ip_mreq)))
                             ^
configure:7667: $? = 1
configure: failed program was:
| /* confdefs.h */
| #define PACKAGE_NAME "Iperf"
| #define PACKAGE_TARNAME "iperf"
| #define PACKAGE_VERSION "2.0.14a"
| #define PACKAGE_STRING "Iperf 2.0.14a"
| #define PACKAGE_BUGREPORT ""
| #define PACKAGE_URL ""
| #define PACKAGE "iperf"
| #define VERSION "2.0.14a"
| #define HAVE_AF_PACKET 1
| #define HAVE_LIBRT 1
| #define HAVE_PTHREAD 1
| #define HAVE_POSIX_THREAD 1
| #define _REENTRANT 1
| #define STDC_HEADERS 1
| #define HAVE_SYS_TYPES_H 1
| #define HAVE_SYS_STAT_H 1
| #define HAVE_STDLIB_H 1
| #define HAVE_STRING_H 1
| #define HAVE_MEMORY_H 1
| #define HAVE_STRINGS_H 1
| #define HAVE_INTTYPES_H 1
| #define HAVE_STDINT_H 1
| #define HAVE_UNISTD_H 1
| #define HAVE_ARPA_INET_H 1
| #define HAVE_LIBINTL_H 1
| #define HAVE_NET_ETHERNET_H 1
| #define HAVE_NET_IF_H 1
| #define HAVE_LINUX_IP_H 1
| #define HAVE_LINUX_UDP_H 1
| #define HAVE_LINUX_IF_PACKET_H 1
| #define HAVE_LINUX_FILTER_H 1
| #define HAVE_NETDB_H 1
| #define HAVE_NETINET_IN_H 1
| #define HAVE_STDLIB_H 1
| #define HAVE_STRING_H 1
| #define HAVE_STRINGS_H 1
| #define HAVE_SYS_SOCKET_H 1
| #define HAVE_SYS_TIME_H 1
| #define HAVE_SYSLOG_H 1
| #define HAVE_UNISTD_H 1
| #define HAVE_SIGNAL_H 1
| #define HAVE_IFADDRS_H 1
| #define HAVE_SSIZE_T 1
| #define TIME_WITH_SYS_TIME 1
| #define HAVE_INT64_T 1
| #define Socklen_t socklen_t
| #define HAVE_SYS_SELECT_H 1
| #define HAVE_SYS_SOCKET_H 1
| #define SELECT_TYPE_ARG1 int
| #define SELECT_TYPE_ARG234 (fd_set *)
| #define SELECT_TYPE_ARG5 (struct timeval *)
| #define RETSIGTYPE void
| #define HAVE_STRFTIME 1
| #define HAVE_VPRINTF 1
| #define HAVE_ATEXIT 1
| #define HAVE_MEMSET 1
| #define HAVE_SELECT 1
| #define HAVE_STRCHR 1
| #define HAVE_STRERROR 1
| #define HAVE_STRTOL 1
| #define HAVE_STRTOLL 1
| #define HAVE_USLEEP 1
| #define HAVE_CLOCK_GETTIME 1
| #define HAVE_SCHED_SETSCHEDULER 1
| #define HAVE_MLOCKALL 1
| #define HAVE_SETITIMER 1
| #define HAVE_NANOSLEEP 1
| #define HAVE_CLOCK_NANOSLEEP 1
| #define HAVE_SNPRINTF 1
| #define HAVE_INET_PTON 1
| #define HAVE_INET_NTOP 1
| #define HAVE_GETTIMEOFDAY 1
| #define HAVE_DECL_ENOBUFS 1
| #define HAVE_DECL_EWOULDBLOCK 1
| #define HAVE_DECL_CPU_SET 1
| #define HAVE_DECL_SIGALRM 1
| #define HAVE_DECL_AF_INET6 1
| #define HAVE_DECL_SO_TIMESTAMP 1
| #define HAVE_DECL_SO_SNDTIMEO 1
| #define HAVE_DECL_SO_MAX_PACING_RATE 1
| #define HAVE_DECL_IPV6_TCLASS 1
| #define HAVE_DECL_MCAST_JOIN_GROUP 1
| #define HAVE_DECL_MCAST_JOIN_SOURCE_GROUP 1
| #define HAVE_DECL_IPV6_ADD_MEMBERSHIP 1
| #define HAVE_DECL_IPV6_MULTICAST_HOPS 1
| #define HAVE_DECL_IP_ADD_MEMBERSHIP 1
| #define HAVE_DECL_IP_ADD_SOURCE_MEMBERSHIP 1
| #define HAVE_STRUCT_SOCKADDR_STORAGE 1
| #define HAVE_STRUCT_SOCKADDR_IN6 1
| #define HAVE_STRUCT_GROUP_SOURCE_REQ 1
| /* end confdefs.h.  */
| 
| #ifdef HAVE_WINSOCK2_H
| #define _WIN32_WINNT 0x0501 /* use (at least) WinXP API */
| #define WIN32_LEAN_AND_MEAN /* exclude unnecesary headers */
| #include <windows.h>
| #include <winsock2.h>
| #include <ws2tcpip.h>
| #else
| #include <sys/socket.h>
| #include <netinet/in.h>
| #endif
| 
| 
| int
| main ()
| {
| if (sizeof ((struct ip_mreq)))
| 	    return 0;
|   ;
|   return 0;
| }
configure:7667: result: yes
configure:7677: checking for struct ipv6_mreq
configure:7677: gcc -c  -O2   conftest.c >&5
configure:7677: $? = 0
configure:7677: gcc -c  -O2   conftest.c >&5
conftest.c: In function 'main':
conftest.c:110:31: error: expected expression before ')' token
 if (sizeof ((struct ipv6_mreq)))
                               ^
configure:7677: $? = 1
configure: failed program was:
| /* confdefs.h */
| #define PACKAGE_NAME "Iperf"
| #define PACKAGE_TARNAME "iperf"
| #define PACKAGE_VERSION "2.0.14a"
| #define PACKAGE_STRING "Iperf 2.0.14a"
| #define PACKAGE_BUGREPORT ""
| #define PACKAGE_URL ""
| #define PACKAGE "iperf"
| #define VERSION "2.0.14a"
| #define HAVE_AF_PACKET 1
| #define HAVE_LIBRT 1
| #define HAVE_PTHREAD 1
| #define HAVE_POSIX_THREAD 1
| #define _REENTRANT 1
| #define STDC_HEADERS 1
| #define HAVE_SYS_TYPES_H 1
| #define HAVE_SYS_STAT_H 1
| #define HAVE_STDLIB_H 1
| #define HAVE_STRING_H 1
| #define HAVE_MEMORY_H 1
| #define HAVE_STRINGS_H 1
| #define HAVE_INTTYPES_H 1
| #define HAVE_STDINT_H 1
| #define HAVE_UNISTD_H 1
| #define HAVE_ARPA_INET_H 1
| #define HAVE_LIBINTL_H 1
| #define HAVE_NET_ETHERNET_H 1
| #define HAVE_NET_IF_H 1
| #define HAVE_LINUX_IP_H 1
| #define HAVE_LINUX_UDP_H 1
| #define HAVE_LINUX_IF_PACKET_H 1
| #define HAVE_LINUX_FILTER_H 1
| #define HAVE_NETDB_H 1
| #define HAVE_NETINET_IN_H 1
| #define HAVE_STDLIB_H 1
| #define HAVE_STRING_H 1
| #define HAVE_STRINGS_H 1
| #define HAVE_SYS_SOCKET_H 1
| #define HAVE_SYS_TIME_H 1
| #define HAVE_SYSLOG_H 1
| #define HAVE_UNISTD_H 1
| #define HAVE_SIGNAL_H 1
| #define HAVE_IFADDRS_H 1
| #define HAVE_SSIZE_T 1
| #define TIME_WITH_SYS_TIME 1
| #define HAVE_INT64_T 1
| #define Socklen_t socklen_t
| #define HAVE_SYS_SELECT_H 1
| #define HAVE_SYS_SOCKET_H 1
| #define SELECT_TYPE_ARG1 int
| #define SELECT_TYPE_ARG234 (fd_set *)
| #define SELECT_TYPE_ARG5 (struct timeval *)
| #define RETSIGTYPE void
| #define HAVE_STRFTIME 1
| #define HAVE_VPRINTF 1
| #define HAVE_ATEXIT 1
| #define HAVE_MEMSET 1
| #define HAVE_SELECT 1
| #define HAVE_STRCHR 1
| #define HAVE_STRERROR 1
| #define HAVE_STRTOL 1
| #define HAVE_STRTOLL 1
| #define HAVE_USLEEP 1
| #define HAVE_CLOCK_GETTIME 1
| #define HAVE_SCHED_SETSCHEDULER 1
| #define HAVE_MLOCKALL 1
| #define HAVE_SETITIMER 1
| #define HAVE_NANOSLEEP 1
| #define HAVE_CLOCK_NANOSLEEP 1
| #define HAVE_SNPRINTF 1
| #define HAVE_INET_PTON 1
| #define HAVE_INET_NTOP 1
| #define HAVE_GETTIMEOFDAY 1
| #define HAVE_DECL_ENOBUFS 1
| #define HAVE_DECL_EWOULDBLOCK 1
| #define HAVE_DECL_CPU_SET 1
| #define HAVE_DECL_SIGALRM 1
| #define HAVE_DECL_AF_INET6 1
| #define HAVE_DECL_SO_TIMESTAMP 1
| #define HAVE_DECL_SO_SNDTIMEO 1
| #define HAVE_DECL_SO_MAX_PACING_RATE 1
| #define HAVE_DECL_IPV6_TCLASS 1
| #define HAVE_DECL_MCAST_JOIN_GROUP 1
| #define HAVE_DECL_MCAST_JOIN_SOURCE_GROUP 1
| #define HAVE_DECL_IPV6_ADD_MEMBERSHIP 1
| #define HAVE_DECL_IPV6_MULTICAST_HOPS 1
| #define HAVE_DECL_IP_ADD_MEMBERSHIP 1
| #define HAVE_DECL_IP_ADD_SOURCE_MEMBERSHIP 1
| #define HAVE_STRUCT_SOCKADDR_STORAGE 1
| #define HAVE_STRUCT_SOCKADDR_IN6 1
| #define HAVE_STRUCT_GROUP_SOURCE_REQ 1
| #define HAVE_STRUCT_IP_MREQ 1
| /* end confdefs.h.  */
| 
| #ifdef HAVE_WINSOCK2_H
| #define _WIN32_WINNT 0x0501 /* use (at least) WinXP API */
| #define WIN32_LEAN_AND_MEAN /* exclude unnecesary headers */
| #include <windows.h>
| #include <winsock2.h>
| #include <ws2tcpip.h>
| #else
| #include <sys/socket.h>
| #include <netinet/in.h>
| #endif
| 
| 
| int
| main ()
| {
| if (sizeof ((struct ipv6_mreq)))
| 	    return 0;
|   ;
|   return 0;
| }
configure:7677: result: yes
configure:7687: checking for struct ip_mreq_source
configure:7687: gcc -c  -O2   conftest.c >&5
configure:7687: $? = 0
configure:7687: gcc -c  -O2   conftest.c >&5
conftest.c: In function 'main':
conftest.c:111:36: error: expected expression before ')' token
 if (sizeof ((struct ip_mreq_source)))
                                    ^
configure:7687: $? = 1
configure: failed program was:
| /* confdefs.h */
| #define PACKAGE_NAME "Iperf"
| #define PACKAGE_TARNAME "iperf"
| #define PACKAGE_VERSION "2.0.14a"
| #define PACKAGE_STRING "Iperf 2.0.14a"
| #define PACKAGE_BUGREPORT ""
| #define PACKAGE_URL ""
| #define PACKAGE "iperf"
| #define VERSION "2.0.14a"
| #define HAVE_AF_PACKET 1
| #define HAVE_LIBRT 1
| #define HAVE_PTHREAD 1
| #define HAVE_POSIX_THREAD 1
| #define _REENTRANT 1
| #define STDC_HEADERS 1
| #define HAVE_SYS_TYPES_H 1
| #define HAVE_SYS_STAT_H 1
| #define HAVE_STDLIB_H 1
| #define HAVE_STRING_H 1
| #define HAVE_MEMORY_H 1
| #define HAVE_STRINGS_H 1
| #define HAVE_INTTYPES_H 1
| #define HAVE_STDINT_H 1
| #define HAVE_UNISTD_H 1
| #define HAVE_ARPA_INET_H 1
| #define HAVE_LIBINTL_H 1
| #define HAVE_NET_ETHERNET_H 1
| #define HAVE_NET_IF_H 1
| #define HAVE_LINUX_IP_H 1
| #define HAVE_LINUX_UDP_H 1
| #define HAVE_LINUX_IF_PACKET_H 1
| #define HAVE_LINUX_FILTER_H 1
| #define HAVE_NETDB_H 1
| #define HAVE_NETINET_IN_H 1
| #define HAVE_STDLIB_H 1
| #define HAVE_STRING_H 1
| #define HAVE_STRINGS_H 1
| #define HAVE_SYS_SOCKET_H 1
| #define HAVE_SYS_TIME_H 1
| #define HAVE_SYSLOG_H 1
| #define HAVE_UNISTD_H 1
| #define HAVE_SIGNAL_H 1
| #define HAVE_IFADDRS_H 1
| #define HAVE_SSIZE_T 1
| #define TIME_WITH_SYS_TIME 1
| #define HAVE_INT64_T 1
| #define Socklen_t socklen_t
| #define HAVE_SYS_SELECT_H 1
| #define HAVE_SYS_SOCKET_H 1
| #define SELECT_TYPE_ARG1 int
| #define SELECT_TYPE_ARG234 (fd_set *)
| #define SELECT_TYPE_ARG5 (struct timeval *)
| #define RETSIGTYPE void
| #define HAVE_STRFTIME 1
| #define HAVE_VPRINTF 1
| #define HAVE_ATEXIT 1
| #define HAVE_MEMSET 1
| #define HAVE_SELECT 1
| #define HAVE_STRCHR 1
| #define HAVE_STRERROR 1
| #define HAVE_STRTOL 1
| #define HAVE_STRTOLL 1
| #define HAVE_USLEEP 1
| #define HAVE_CLOCK_GETTIME 1
| #define HAVE_SCHED_SETSCHEDULER 1
| #define HAVE_MLOCKALL 1
| #define HAVE_SETITIMER 1
| #define HAVE_NANOSLEEP 1
| #define HAVE_CLOCK_NANOSLEEP 1
| #define HAVE_SNPRINTF 1
| #define HAVE_INET_PTON 1
| #define HAVE_INET_NTOP 1
| #define HAVE_GETTIMEOFDAY 1
| #define HAVE_DECL_ENOBUFS 1
| #define HAVE_DECL_EWOULDBLOCK 1
| #define HAVE_DECL_CPU_SET 1
| #define HAVE_DECL_SIGALRM 1
| #define HAVE_DECL_AF_INET6 1
| #define HAVE_DECL_SO_TIMESTAMP 1
| #define HAVE_DECL_SO_SNDTIMEO 1
| #define HAVE_DECL_SO_MAX_PACING_RATE 1
| #define HAVE_DECL_IPV6_TCLASS 1
| #define HAVE_DECL_MCAST_JOIN_GROUP 1
| #define HAVE_DECL_MCAST_JOIN_SOURCE_GROUP 1
| #define HAVE_DECL_IPV6_ADD_MEMBERSHIP 1
| #define HAVE_DECL_IPV6_MULTICAST_HOPS 1
| #define HAVE_DECL_IP_ADD_MEMBERSHIP 1
| #define HAVE_DECL_IP_ADD_SOURCE_MEMBERSHIP 1
| #define HAVE_STRUCT_SOCKADDR_STORAGE 1
| #define HAVE_STRUCT_SOCKADDR_IN6 1
| #define HAVE_STRUCT_GROUP_SOURCE_REQ 1
| #define HAVE_STRUCT_IP_MREQ 1
| #define HAVE_STRUCT_IPV6_MREQ 1
| /* end confdefs.h.  */
| 
| #ifdef HAVE_WINSOCK2_H
| #define _WIN32_WINNT 0x0501 /* use (at least) WinXP API */
| #define WIN32_LEAN_AND_MEAN /* exclude unnecesary headers */
| #include <windows.h>
| #include <winsock2.h>
| #include <ws2tcpip.h>
| #else
| #include <sys/socket.h>
| #include <netinet/in.h>
| #endif
| 
| 
| int
| main ()
| {
| if (sizeof ((struct ip_mreq_source)))
| 	    return 0;
|   ;
|   return 0;
| }
configure:7687: result: yes
configure:7699: checking for struct sockaddr_in6.sin6_len
configure:7699: gcc -c  -O2   conftest.c >&5
conftest.c: In function 'main':
conftest.c:113:12: error: 'struct sockaddr_in6' has no member named 'sin6_len'; did you mean 'sin6_port'?
 if (ac_aggr.sin6_len)
            ^
configure:7699: $? = 1
configure: failed program was:
| /* confdefs.h */
| #define PACKAGE_NAME "Iperf"
| #define PACKAGE_TARNAME "iperf"
| #define PACKAGE_VERSION "2.0.14a"
| #define PACKAGE_STRING "Iperf 2.0.14a"
| #define PACKAGE_BUGREPORT ""
| #define PACKAGE_URL ""
| #define PACKAGE "iperf"
| #define VERSION "2.0.14a"
| #define HAVE_AF_PACKET 1
| #define HAVE_LIBRT 1
| #define HAVE_PTHREAD 1
| #define HAVE_POSIX_THREAD 1
| #define _REENTRANT 1
| #define STDC_HEADERS 1
| #define HAVE_SYS_TYPES_H 1
| #define HAVE_SYS_STAT_H 1
| #define HAVE_STDLIB_H 1
| #define HAVE_STRING_H 1
| #define HAVE_MEMORY_H 1
| #define HAVE_STRINGS_H 1
| #define HAVE_INTTYPES_H 1
| #define HAVE_STDINT_H 1
| #define HAVE_UNISTD_H 1
| #define HAVE_ARPA_INET_H 1
| #define HAVE_LIBINTL_H 1
| #define HAVE_NET_ETHERNET_H 1
| #define HAVE_NET_IF_H 1
| #define HAVE_LINUX_IP_H 1
| #define HAVE_LINUX_UDP_H 1
| #define HAVE_LINUX_IF_PACKET_H 1
| #define HAVE_LINUX_FILTER_H 1
| #define HAVE_NETDB_H 1
| #define HAVE_NETINET_IN_H 1
| #define HAVE_STDLIB_H 1
| #define HAVE_STRING_H 1
| #define HAVE_STRINGS_H 1
| #define HAVE_SYS_SOCKET_H 1
| #define HAVE_SYS_TIME_H 1
| #define HAVE_SYSLOG_H 1
| #define HAVE_UNISTD_H 1
| #define HAVE_SIGNAL_H 1
| #define HAVE_IFADDRS_H 1
| #define HAVE_SSIZE_T 1
| #define TIME_WITH_SYS_TIME 1
| #define HAVE_INT64_T 1
| #define Socklen_t socklen_t
| #define HAVE_SYS_SELECT_H 1
| #define HAVE_SYS_SOCKET_H 1
| #define SELECT_TYPE_ARG1 int
| #define SELECT_TYPE_ARG234 (fd_set *)
| #define SELECT_TYPE_ARG5 (struct timeval *)
| #define RETSIGTYPE void
| #define HAVE_STRFTIME 1
| #define HAVE_VPRINTF 1
| #define HAVE_ATEXIT 1
| #define HAVE_MEMSET 1
| #define HAVE_SELECT 1
| #define HAVE_STRCHR 1
| #define HAVE_STRERROR 1
| #define HAVE_STRTOL 1
| #define HAVE_STRTOLL 1
| #define HAVE_USLEEP 1
| #define HAVE_CLOCK_GETTIME 1
| #define HAVE_SCHED_SETSCHEDULER 1
| #define HAVE_MLOCKALL 1
| #define HAVE_SETITIMER 1
| #define HAVE_NANOSLEEP 1
| #define HAVE_CLOCK_NANOSLEEP 1
| #define HAVE_SNPRINTF 1
| #define HAVE_INET_PTON 1
| #define HAVE_INET_NTOP 1
| #define HAVE_GETTIMEOFDAY 1
| #define HAVE_DECL_ENOBUFS 1
| #define HAVE_DECL_EWOULDBLOCK 1
| #define HAVE_DECL_CPU_SET 1
| #define HAVE_DECL_SIGALRM 1
| #define HAVE_DECL_AF_INET6 1
| #define HAVE_DECL_SO_TIMESTAMP 1
| #define HAVE_DECL_SO_SNDTIMEO 1
| #define HAVE_DECL_SO_MAX_PACING_RATE 1
| #define HAVE_DECL_IPV6_TCLASS 1
| #define HAVE_DECL_MCAST_JOIN_GROUP 1
| #define HAVE_DECL_MCAST_JOIN_SOURCE_GROUP 1
| #define HAVE_DECL_IPV6_ADD_MEMBERSHIP 1
| #define HAVE_DECL_IPV6_MULTICAST_HOPS 1
| #define HAVE_DECL_IP_ADD_MEMBERSHIP 1
| #define HAVE_DECL_IP_ADD_SOURCE_MEMBERSHIP 1
| #define HAVE_STRUCT_SOCKADDR_STORAGE 1
| #define HAVE_STRUCT_SOCKADDR_IN6 1
| #define HAVE_STRUCT_GROUP_SOURCE_REQ 1
| #define HAVE_STRUCT_IP_MREQ 1
| #define HAVE_STRUCT_IPV6_MREQ 1
| #define HAVE_STRUCT_IP_MREQ_SOURCE 1
| /* end confdefs.h.  */
| 
| #ifdef HAVE_WINSOCK2_H
| #define _WIN32_WINNT 0x0501 /* use (at least) WinXP API */
| #define WIN32_LEAN_AND_MEAN /* exclude unnecesary headers */
| #include <windows.h>
| #include <winsock2.h>
| #include <ws2tcpip.h>
| #else
| #include <sys/socket.h>
| #include <netinet/in.h>
| #endif
| 
| 
| int
| main ()
| {
| static struct sockaddr_in6 ac_aggr;
| if (ac_aggr.sin6_len)
| return 0;
|   ;
|   return 0;
| }
configure:7699: gcc -c  -O2   conftest.c >&5
conftest.c: In function 'main':
conftest.c:113:19: error: 'struct sockaddr_in6' has no member named 'sin6_len'; did you mean 'sin6_port'?
 if (sizeof ac_aggr.sin6_len)
                   ^
configure:7699: $? = 1
configure: failed program was:
| /* confdefs.h */
| #define PACKAGE_NAME "Iperf"
| #define PACKAGE_TARNAME "iperf"
| #define PACKAGE_VERSION "2.0.14a"
| #define PACKAGE_STRING "Iperf 2.0.14a"
| #define PACKAGE_BUGREPORT ""
| #define PACKAGE_URL ""
| #define PACKAGE "iperf"
| #define VERSION "2.0.14a"
| #define HAVE_AF_PACKET 1
| #define HAVE_LIBRT 1
| #define HAVE_PTHREAD 1
| #define HAVE_POSIX_THREAD 1
| #define _REENTRANT 1
| #define STDC_HEADERS 1
| #define HAVE_SYS_TYPES_H 1
| #define HAVE_SYS_STAT_H 1
| #define HAVE_STDLIB_H 1
| #define HAVE_STRING_H 1
| #define HAVE_MEMORY_H 1
| #define HAVE_STRINGS_H 1
| #define HAVE_INTTYPES_H 1
| #define HAVE_STDINT_H 1
| #define HAVE_UNISTD_H 1
| #define HAVE_ARPA_INET_H 1
| #define HAVE_LIBINTL_H 1
| #define HAVE_NET_ETHERNET_H 1
| #define HAVE_NET_IF_H 1
| #define HAVE_LINUX_IP_H 1
| #define HAVE_LINUX_UDP_H 1
| #define HAVE_LINUX_IF_PACKET_H 1
| #define HAVE_LINUX_FILTER_H 1
| #define HAVE_NETDB_H 1
| #define HAVE_NETINET_IN_H 1
| #define HAVE_STDLIB_H 1
| #define HAVE_STRING_H 1
| #define HAVE_STRINGS_H 1
| #define HAVE_SYS_SOCKET_H 1
| #define HAVE_SYS_TIME_H 1
| #define HAVE_SYSLOG_H 1
| #define HAVE_UNISTD_H 1
| #define HAVE_SIGNAL_H 1
| #define HAVE_IFADDRS_H 1
| #define HAVE_SSIZE_T 1
| #define TIME_WITH_SYS_TIME 1
| #define HAVE_INT64_T 1
| #define Socklen_t socklen_t
| #define HAVE_SYS_SELECT_H 1
| #define HAVE_SYS_SOCKET_H 1
| #define SELECT_TYPE_ARG1 int
| #define SELECT_TYPE_ARG234 (fd_set *)
| #define SELECT_TYPE_ARG5 (struct timeval *)
| #define RETSIGTYPE void
| #define HAVE_STRFTIME 1
| #define HAVE_VPRINTF 1
| #define HAVE_ATEXIT 1
| #define HAVE_MEMSET 1
| #define HAVE_SELECT 1
| #define HAVE_STRCHR 1
| #define HAVE_STRERROR 1
| #define HAVE_STRTOL 1
| #define HAVE_STRTOLL 1
| #define HAVE_USLEEP 1
| #define HAVE_CLOCK_GETTIME 1
| #define HAVE_SCHED_SETSCHEDULER 1
| #define HAVE_MLOCKALL 1
| #define HAVE_SETITIMER 1
| #define HAVE_NANOSLEEP 1
| #define HAVE_CLOCK_NANOSLEEP 1
| #define HAVE_SNPRINTF 1
| #define HAVE_INET_PTON 1
| #define HAVE_INET_NTOP 1
| #define HAVE_GETTIMEOFDAY 1
| #define HAVE_DECL_ENOBUFS 1
| #define HAVE_DECL_EWOULDBLOCK 1
| #define HAVE_DECL_CPU_SET 1
| #define HAVE_DECL_SIGALRM 1
| #define HAVE_DECL_AF_INET6 1
| #define HAVE_DECL_SO_TIMESTAMP 1
| #define HAVE_DECL_SO_SNDTIMEO 1
| #define HAVE_DECL_SO_MAX_PACING_RATE 1
| #define HAVE_DECL_IPV6_TCLASS 1
| #define HAVE_DECL_MCAST_JOIN_GROUP 1
| #define HAVE_DECL_MCAST_JOIN_SOURCE_GROUP 1
| #define HAVE_DECL_IPV6_ADD_MEMBERSHIP 1
| #define HAVE_DECL_IPV6_MULTICAST_HOPS 1
| #define HAVE_DECL_IP_ADD_MEMBERSHIP 1
| #define HAVE_DECL_IP_ADD_SOURCE_MEMBERSHIP 1
| #define HAVE_STRUCT_SOCKADDR_STORAGE 1
| #define HAVE_STRUCT_SOCKADDR_IN6 1
| #define HAVE_STRUCT_GROUP_SOURCE_REQ 1
| #define HAVE_STRUCT_IP_MREQ 1
| #define HAVE_STRUCT_IPV6_MREQ 1
| #define HAVE_STRUCT_IP_MREQ_SOURCE 1
| /* end confdefs.h.  */
| 
| #ifdef HAVE_WINSOCK2_H
| #define _WIN32_WINNT 0x0501 /* use (at least) WinXP API */
| #define WIN32_LEAN_AND_MEAN /* exclude unnecesary headers */
| #include <windows.h>
| #include <winsock2.h>
| #include <ws2tcpip.h>
| #else
| #include <sys/socket.h>
| #include <netinet/in.h>
| #endif
| 
| 
| int
| main ()
| {
| static struct sockaddr_in6 ac_aggr;
| if (sizeof ac_aggr.sin6_len)
| return 0;
|   ;
|   return 0;
| }
configure:7699: result: no
configure:7709: checking for struct ip_mreq_source.imr_multiaddr.s_addr
configure:7709: gcc -c  -O2   conftest.c >&5
configure:7709: $? = 0
configure:7709: result: yes
configure:7721: checking for struct tcp_info.tcpi_total_retrans
configure:7721: gcc -c  -O2   conftest.c >&5
configure:7721: $? = 0
configure:7721: result: yes
configure:7743: checking size of bool
configure:7748: gcc -o conftest  -O2    conftest.c -lrt  >&5
conftest.c: In function 'longval':
conftest.c:131:57: error: 'bool' undeclared (first use in this function)
 static long int longval () { return (long int) (sizeof (bool)); }
                                                         ^~~~
conftest.c:131:57: note: each undeclared identifier is reported only once for each function it appears in
conftest.c: In function 'ulongval':
conftest.c:132:67: error: 'bool' undeclared (first use in this function)
 static unsigned long int ulongval () { return (long int) (sizeof (bool)); }
                                                                   ^~~~
conftest.c: In function 'main':
conftest.c:142:28: error: 'bool' undeclared (first use in this function)
   if (((long int) (sizeof (bool))) < 0)
                            ^~~~
configure:7748: $? = 1
configure: program exited with status 1
configure: failed program was:
| /* confdefs.h */
| #define PACKAGE_NAME "Iperf"
| #define PACKAGE_TARNAME "iperf"
| #define PACKAGE_VERSION "2.0.14a"
| #define PACKAGE_STRING "Iperf 2.0.14a"
| #define PACKAGE_BUGREPORT ""
| #define PACKAGE_URL ""
| #define PACKAGE "iperf"
| #define VERSION "2.0.14a"
| #define HAVE_AF_PACKET 1
| #define HAVE_LIBRT 1
| #define HAVE_PTHREAD 1
| #define HAVE_POSIX_THREAD 1
| #define _REENTRANT 1
| #define STDC_HEADERS 1
| #define HAVE_SYS_TYPES_H 1
| #define HAVE_SYS_STAT_H 1
| #define HAVE_STDLIB_H 1
| #define HAVE_STRING_H 1
| #define HAVE_MEMORY_H 1
| #define HAVE_STRINGS_H 1
| #define HAVE_INTTYPES_H 1
| #define HAVE_STDINT_H 1
| #define HAVE_UNISTD_H 1
| #define HAVE_ARPA_INET_H 1
| #define HAVE_LIBINTL_H 1
| #define HAVE_NET_ETHERNET_H 1
| #define HAVE_NET_IF_H 1
| #define HAVE_LINUX_IP_H 1
| #define HAVE_LINUX_UDP_H 1
| #define HAVE_LINUX_IF_PACKET_H 1
| #define HAVE_LINUX_FILTER_H 1
| #define HAVE_NETDB_H 1
| #define HAVE_NETINET_IN_H 1
| #define HAVE_STDLIB_H 1
| #define HAVE_STRING_H 1
| #define HAVE_STRINGS_H 1
| #define HAVE_SYS_SOCKET_H 1
| #define HAVE_SYS_TIME_H 1
| #define HAVE_SYSLOG_H 1
| #define HAVE_UNISTD_H 1
| #define HAVE_SIGNAL_H 1
| #define HAVE_IFADDRS_H 1
| #define HAVE_SSIZE_T 1
| #define TIME_WITH_SYS_TIME 1
| #define HAVE_INT64_T 1
| #define Socklen_t socklen_t
| #define HAVE_SYS_SELECT_H 1
| #define HAVE_SYS_SOCKET_H 1
| #define SELECT_TYPE_ARG1 int
| #define SELECT_TYPE_ARG234 (fd_set *)
| #define SELECT_TYPE_ARG5 (struct timeval *)
| #define RETSIGTYPE void
| #define HAVE_STRFTIME 1
| #define HAVE_VPRINTF 1
| #define HAVE_ATEXIT 1
| #define HAVE_MEMSET 1
| #define HAVE_SELECT 1
| #define HAVE_STRCHR 1
| #define HAVE_STRERROR 1
| #define HAVE_STRTOL 1
| #define HAVE_STRTOLL 1
| #define HAVE_USLEEP 1
| #define HAVE_CLOCK_GETTIME 1
| #define HAVE_SCHED_SETSCHEDULER 1
| #define HAVE_MLOCKALL 1
| #define HAVE_SETITIMER 1
| #define HAVE_NANOSLEEP 1
| #define HAVE_CLOCK_NANOSLEEP 1
| #define HAVE_SNPRINTF 1
| #define HAVE_INET_PTON 1
| #define HAVE_INET_NTOP 1
| #define HAVE_GETTIMEOFDAY 1
| #define HAVE_DECL_ENOBUFS 1
| #define HAVE_DECL_EWOULDBLOCK 1
| #define HAVE_DECL_CPU_SET 1
| #define HAVE_DECL_SIGALRM 1
| #define HAVE_DECL_AF_INET6 1
| #define HAVE_DECL_SO_TIMESTAMP 1
| #define HAVE_DECL_SO_SNDTIMEO 1
| #define HAVE_DECL_SO_MAX_PACING_RATE 1
| #define HAVE_DECL_IPV6_TCLASS 1
| #define HAVE_DECL_MCAST_JOIN_GROUP 1
| #define HAVE_DECL_MCAST_JOIN_SOURCE_GROUP 1
| #define HAVE_DECL_IPV6_ADD_MEMBERSHIP 1
| #define HAVE_DECL_IPV6_MULTICAST_HOPS 1
| #define HAVE_DECL_IP_ADD_MEMBERSHIP 1
| #define HAVE_DECL_IP_ADD_SOURCE_MEMBERSHIP 1
| #define HAVE_STRUCT_SOCKADDR_STORAGE 1
| #define HAVE_STRUCT_SOCKADDR_IN6 1
| #define HAVE_STRUCT_GROUP_SOURCE_REQ 1
| #define HAVE_STRUCT_IP_MREQ 1
| #define HAVE_STRUCT_IPV6_MREQ 1
| #define HAVE_STRUCT_IP_MREQ_SOURCE 1
| #define HAVE_STRUCT_IP_MREQ_SOURCE_IMR_MULTIADDR_S_ADDR 1
| #define HAVE_STRUCT_TCP_INFO_TCPI_TOTAL_RETRANS 1
| /* end confdefs.h.  */
| #include <stdio.h>
| #ifdef HAVE_SYS_TYPES_H
| # include <sys/types.h>
| #endif
| #ifdef HAVE_SYS_STAT_H
| # include <sys/stat.h>
| #endif
| #ifdef STDC_HEADERS
| # include <stdlib.h>
| # include <stddef.h>
| #else
| # ifdef HAVE_STDLIB_H
| #  include <stdlib.h>
| # endif
| #endif
| #ifdef HAVE_STRING_H
| # if !defined STDC_HEADERS && defined HAVE_MEMORY_H
| #  include <memory.h>
| # endif
| # include <string.h>
| #endif
| #ifdef HAVE_STRINGS_H
| # include <strings.h>
| #endif
| #ifdef HAVE_INTTYPES_H
| # include <inttypes.h>
| #endif
| #ifdef HAVE_STDINT_H
| # include <stdint.h>
| #endif
| #ifdef HAVE_UNISTD_H
| # include <unistd.h>
| #endif
| static long int longval () { return (long int) (sizeof (bool)); }
| static unsigned long int ulongval () { return (long int) (sizeof (bool)); }
| #include <stdio.h>
| #include <stdlib.h>
| int
| main ()
| {
| 
|   FILE *f = fopen ("conftest.val", "w");
|   if (! f)
|     return 1;
|   if (((long int) (sizeof (bool))) < 0)
|     {
|       long int i = longval ();
|       if (i != ((long int) (sizeof (bool))))
| 	return 1;
|       fprintf (f, "%ld", i);
|     }
|   else
|     {
|       unsigned long int i = ulongval ();
|       if (i != ((long int) (sizeof (bool))))
| 	return 1;
|       fprintf (f, "%lu", i);
|     }
|   /* Do not output a trailing newline, as this causes \r\n confusion
|      on some platforms.  */
|   return ferror (f) || fclose (f) != 0;
| 
|   ;
|   return 0;
| }
configure:7762: result: 0
configure:7777: checking if true is defined
configure:7800: g++ -c  -O2   conftest.cpp >&5
configure:7800: $? = 0
configure:7814: result: yes
configure:7826: checking whether byte ordering is bigendian
configure:7841: gcc -c  -O2   conftest.c >&5
conftest.c:101:9: error: unknown type name 'not'
         not a universal capable compiler
         ^~~
conftest.c:101:15: error: expected '=', ',', ';', 'asm' or '__attribute__' before 'universal'
         not a universal capable compiler
               ^~~~~~~~~
conftest.c:101:15: error: unknown type name 'universal'
configure:7841: $? = 1
configure: failed program was:
| /* confdefs.h */
| #define PACKAGE_NAME "Iperf"
| #define PACKAGE_TARNAME "iperf"
| #define PACKAGE_VERSION "2.0.14a"
| #define PACKAGE_STRING "Iperf 2.0.14a"
| #define PACKAGE_BUGREPORT ""
| #define PACKAGE_URL ""
| #define PACKAGE "iperf"
| #define VERSION "2.0.14a"
| #define HAVE_AF_PACKET 1
| #define HAVE_LIBRT 1
| #define HAVE_PTHREAD 1
| #define HAVE_POSIX_THREAD 1
| #define _REENTRANT 1
| #define STDC_HEADERS 1
| #define HAVE_SYS_TYPES_H 1
| #define HAVE_SYS_STAT_H 1
| #define HAVE_STDLIB_H 1
| #define HAVE_STRING_H 1
| #define HAVE_MEMORY_H 1
| #define HAVE_STRINGS_H 1
| #define HAVE_INTTYPES_H 1
| #define HAVE_STDINT_H 1
| #define HAVE_UNISTD_H 1
| #define HAVE_ARPA_INET_H 1
| #define HAVE_LIBINTL_H 1
| #define HAVE_NET_ETHERNET_H 1
| #define HAVE_NET_IF_H 1
| #define HAVE_LINUX_IP_H 1
| #define HAVE_LINUX_UDP_H 1
| #define HAVE_LINUX_IF_PACKET_H 1
| #define HAVE_LINUX_FILTER_H 1
| #define HAVE_NETDB_H 1
| #define HAVE_NETINET_IN_H 1
| #define HAVE_STDLIB_H 1
| #define HAVE_STRING_H 1
| #define HAVE_STRINGS_H 1
| #define HAVE_SYS_SOCKET_H 1
| #define HAVE_SYS_TIME_H 1
| #define HAVE_SYSLOG_H 1
| #define HAVE_UNISTD_H 1
| #define HAVE_SIGNAL_H 1
| #define HAVE_IFADDRS_H 1
| #define HAVE_SSIZE_T 1
| #define TIME_WITH_SYS_TIME 1
| #define HAVE_INT64_T 1
| #define Socklen_t socklen_t
| #define HAVE_SYS_SELECT_H 1
| #define HAVE_SYS_SOCKET_H 1
| #define SELECT_TYPE_ARG1 int
| #define SELECT_TYPE_ARG234 (fd_set *)
| #define SELECT_TYPE_ARG5 (struct timeval *)
| #define RETSIGTYPE void
| #define HAVE_STRFTIME 1
| #define HAVE_VPRINTF 1
| #define HAVE_ATEXIT 1
| #define HAVE_MEMSET 1
| #define HAVE_SELECT 1
| #define HAVE_STRCHR 1
| #define HAVE_STRERROR 1
| #define HAVE_STRTOL 1
| #define HAVE_STRTOLL 1
| #define HAVE_USLEEP 1
| #define HAVE_CLOCK_GETTIME 1
| #define HAVE_SCHED_SETSCHEDULER 1
| #define HAVE_MLOCKALL 1
| #define HAVE_SETITIMER 1
| #define HAVE_NANOSLEEP 1
| #define HAVE_CLOCK_NANOSLEEP 1
| #define HAVE_SNPRINTF 1
| #define HAVE_INET_PTON 1
| #define HAVE_INET_NTOP 1
| #define HAVE_GETTIMEOFDAY 1
| #define HAVE_DECL_ENOBUFS 1
| #define HAVE_DECL_EWOULDBLOCK 1
| #define HAVE_DECL_CPU_SET 1
| #define HAVE_DECL_SIGALRM 1
| #define HAVE_DECL_AF_INET6 1
| #define HAVE_DECL_SO_TIMESTAMP 1
| #define HAVE_DECL_SO_SNDTIMEO 1
| #define HAVE_DECL_SO_MAX_PACING_RATE 1
| #define HAVE_DECL_IPV6_TCLASS 1
| #define HAVE_DECL_MCAST_JOIN_GROUP 1
| #define HAVE_DECL_MCAST_JOIN_SOURCE_GROUP 1
| #define HAVE_DECL_IPV6_ADD_MEMBERSHIP 1
| #define HAVE_DECL_IPV6_MULTICAST_HOPS 1
| #define HAVE_DECL_IP_ADD_MEMBERSHIP 1
| #define HAVE_DECL_IP_ADD_SOURCE_MEMBERSHIP 1
| #define HAVE_STRUCT_SOCKADDR_STORAGE 1
| #define HAVE_STRUCT_SOCKADDR_IN6 1
| #define HAVE_STRUCT_GROUP_SOURCE_REQ 1
| #define HAVE_STRUCT_IP_MREQ 1
| #define HAVE_STRUCT_IPV6_MREQ 1
| #define HAVE_STRUCT_IP_MREQ_SOURCE 1
| #define HAVE_STRUCT_IP_MREQ_SOURCE_IMR_MULTIADDR_S_ADDR 1
| #define HAVE_STRUCT_TCP_INFO_TCPI_TOTAL_RETRANS 1
| #define SIZEOF_BOOL 0
| #define bool int
| /* end confdefs.h.  */
| #ifndef __APPLE_CC__
| 	       not a universal capable compiler
| 	     #endif
| 	     typedef int dummy;
| 
configure:7886: gcc -c  -O2   conftest.c >&5
configure:7886: $? = 0
configure:7904: gcc -c  -O2   conftest.c >&5
conftest.c: In function 'main':
conftest.c:107:4: error: unknown type name 'not'
    not big endian
    ^~~
conftest.c:107:12: error: expected '=', ',', ';', 'asm' or '__attribute__' before 'endian'
    not big endian
            ^~~~~~
configure:7904: $? = 1
configure: failed program was:
| /* confdefs.h */
| #define PACKAGE_NAME "Iperf"
| #define PACKAGE_TARNAME "iperf"
| #define PACKAGE_VERSION "2.0.14a"
| #define PACKAGE_STRING "Iperf 2.0.14a"
| #define PACKAGE_BUGREPORT ""
| #define PACKAGE_URL ""
| #define PACKAGE "iperf"
| #define VERSION "2.0.14a"
| #define HAVE_AF_PACKET 1
| #define HAVE_LIBRT 1
| #define HAVE_PTHREAD 1
| #define HAVE_POSIX_THREAD 1
| #define _REENTRANT 1
| #define STDC_HEADERS 1
| #define HAVE_SYS_TYPES_H 1
| #define HAVE_SYS_STAT_H 1
| #define HAVE_STDLIB_H 1
| #define HAVE_STRING_H 1
| #define HAVE_MEMORY_H 1
| #define HAVE_STRINGS_H 1
| #define HAVE_INTTYPES_H 1
| #define HAVE_STDINT_H 1
| #define HAVE_UNISTD_H 1
| #define HAVE_ARPA_INET_H 1
| #define HAVE_LIBINTL_H 1
| #define HAVE_NET_ETHERNET_H 1
| #define HAVE_NET_IF_H 1
| #define HAVE_LINUX_IP_H 1
| #define HAVE_LINUX_UDP_H 1
| #define HAVE_LINUX_IF_PACKET_H 1
| #define HAVE_LINUX_FILTER_H 1
| #define HAVE_NETDB_H 1
| #define HAVE_NETINET_IN_H 1
| #define HAVE_STDLIB_H 1
| #define HAVE_STRING_H 1
| #define HAVE_STRINGS_H 1
| #define HAVE_SYS_SOCKET_H 1
| #define HAVE_SYS_TIME_H 1
| #define HAVE_SYSLOG_H 1
| #define HAVE_UNISTD_H 1
| #define HAVE_SIGNAL_H 1
| #define HAVE_IFADDRS_H 1
| #define HAVE_SSIZE_T 1
| #define TIME_WITH_SYS_TIME 1
| #define HAVE_INT64_T 1
| #define Socklen_t socklen_t
| #define HAVE_SYS_SELECT_H 1
| #define HAVE_SYS_SOCKET_H 1
| #define SELECT_TYPE_ARG1 int
| #define SELECT_TYPE_ARG234 (fd_set *)
| #define SELECT_TYPE_ARG5 (struct timeval *)
| #define RETSIGTYPE void
| #define HAVE_STRFTIME 1
| #define HAVE_VPRINTF 1
| #define HAVE_ATEXIT 1
| #define HAVE_MEMSET 1
| #define HAVE_SELECT 1
| #define HAVE_STRCHR 1
| #define HAVE_STRERROR 1
| #define HAVE_STRTOL 1
| #define HAVE_STRTOLL 1
| #define HAVE_USLEEP 1
| #define HAVE_CLOCK_GETTIME 1
| #define HAVE_SCHED_SETSCHEDULER 1
| #define HAVE_MLOCKALL 1
| #define HAVE_SETITIMER 1
| #define HAVE_NANOSLEEP 1
| #define HAVE_CLOCK_NANOSLEEP 1
| #define HAVE_SNPRINTF 1
| #define HAVE_INET_PTON 1
| #define HAVE_INET_NTOP 1
| #define HAVE_GETTIMEOFDAY 1
| #define HAVE_DECL_ENOBUFS 1
| #define HAVE_DECL_EWOULDBLOCK 1
| #define HAVE_DECL_CPU_SET 1
| #define HAVE_DECL_SIGALRM 1
| #define HAVE_DECL_AF_INET6 1
| #define HAVE_DECL_SO_TIMESTAMP 1
| #define HAVE_DECL_SO_SNDTIMEO 1
| #define HAVE_DECL_SO_MAX_PACING_RATE 1
| #define HAVE_DECL_IPV6_TCLASS 1
| #define HAVE_DECL_MCAST_JOIN_GROUP 1
| #define HAVE_DECL_MCAST_JOIN_SOURCE_GROUP 1
| #define HAVE_DECL_IPV6_ADD_MEMBERSHIP 1
| #define HAVE_DECL_IPV6_MULTICAST_HOPS 1
| #define HAVE_DECL_IP_ADD_MEMBERSHIP 1
| #define HAVE_DECL_IP_ADD_SOURCE_MEMBERSHIP 1
| #define HAVE_STRUCT_SOCKADDR_STORAGE 1
| #define HAVE_STRUCT_SOCKADDR_IN6 1
| #define HAVE_STRUCT_GROUP_SOURCE_REQ 1
| #define HAVE_STRUCT_IP_MREQ 1
| #define HAVE_STRUCT_IPV6_MREQ 1
| #define HAVE_STRUCT_IP_MREQ_SOURCE 1
| #define HAVE_STRUCT_IP_MREQ_SOURCE_IMR_MULTIADDR_S_ADDR 1
| #define HAVE_STRUCT_TCP_INFO_TCPI_TOTAL_RETRANS 1
| #define SIZEOF_BOOL 0
| #define bool int
| /* end confdefs.h.  */
| #include <sys/types.h>
| 		#include <sys/param.h>
| 
| int
| main ()
| {
| #if BYTE_ORDER != BIG_ENDIAN
| 		 not big endian
| 		#endif
| 
|   ;
|   return 0;
| }
configure:8032: result: no
configure:8053: checking for multicast support
configure:8061: result: yes
configure:8068: checking for multicast ssm support
configure:8076: result: yes
configure:8086: checking for IPv6 headers and structures
configure:8099: result: yes
configure:8105: checking for IPv6 multicast support
configure:8118: result: yes
configure:8277: checking whether make is GNU make
configure:8284: result: yes
configure:8407: checking that generated files are newer than configure
configure:8413: result: done
configure:8465: creating ./config.status

## ---------------------- ##
## Running config.status. ##
## ---------------------- ##

This file was extended by Iperf config.status 2.0.14a, which was
generated by GNU Autoconf 2.69.  Invocation command line was

  CONFIG_FILES    = 
  CONFIG_HEADERS  = 
  CONFIG_LINKS    = 
  CONFIG_COMMANDS = 
  $ ./config.status 

on localhost.localdomain

config.status:980: creating Makefile
config.status:980: creating compat/Makefile
config.status:980: creating doc/Makefile
config.status:980: creating include/Makefile
config.status:980: creating src/Makefile
config.status:980: creating man/Makefile
config.status:980: creating config.h
config.status:1209: executing depfiles commands

## ---------------- ##
## Cache variables. ##
## ---------------- ##

ac_cv_accept_arg=socklen_t
ac_cv_build=x86_64-unknown-linux-gnu
ac_cv_c_bigendian=no
ac_cv_c_compiler_gnu=yes
ac_cv_c_const=yes
ac_cv_cxx_compiler_gnu=yes
ac_cv_env_CCC_set=
ac_cv_env_CCC_value=
ac_cv_env_CC_set=
ac_cv_env_CC_value=
ac_cv_env_CFLAGS_set=
ac_cv_env_CFLAGS_value=
ac_cv_env_CPPFLAGS_set=
ac_cv_env_CPPFLAGS_value=
ac_cv_env_CPP_set=
ac_cv_env_CPP_value=
ac_cv_env_CXXFLAGS_set=
ac_cv_env_CXXFLAGS_value=
ac_cv_env_CXX_set=
ac_cv_env_CXX_value=
ac_cv_env_LDFLAGS_set=
ac_cv_env_LDFLAGS_value=
ac_cv_env_LIBS_set=
ac_cv_env_LIBS_value=
ac_cv_env_build_alias_set=
ac_cv_env_build_alias_value=
ac_cv_env_host_alias_set=
ac_cv_env_host_alias_value=
ac_cv_env_target_alias_set=
ac_cv_env_target_alias_value=
ac_cv_func__doprnt=no
ac_cv_func_atexit=yes
ac_cv_func_clock_gettime=yes
ac_cv_func_clock_nanosleep=yes
ac_cv_func_gettimeofday=yes
ac_cv_func_inet_ntop=yes
ac_cv_func_inet_pton=yes
ac_cv_func_memcmp_working=yes
ac_cv_func_memset=yes
ac_cv_func_mlockall=yes
ac_cv_func_nanosleep=yes
ac_cv_func_pthread_cancel=no
ac_cv_func_sched_setscheduler=yes
ac_cv_func_select=yes
ac_cv_func_select_args='int,fd_set *,struct timeval *'
ac_cv_func_setitimer=yes
ac_cv_func_snprintf=yes
ac_cv_func_strchr=yes
ac_cv_func_strerror=yes
ac_cv_func_strftime=yes
ac_cv_func_strtol=yes
ac_cv_func_strtoll=yes
ac_cv_func_usleep=yes
ac_cv_func_vprintf=yes
ac_cv_have_decl_AF_INET6=yes
ac_cv_have_decl_CPU_SET=yes
ac_cv_have_decl_ENOBUFS=yes
ac_cv_have_decl_EWOULDBLOCK=yes
ac_cv_have_decl_IPV6_ADD_MEMBERSHIP=yes
ac_cv_have_decl_IPV6_MULTICAST_HOPS=yes
ac_cv_have_decl_IPV6_TCLASS=yes
ac_cv_have_decl_IP_ADD_MEMBERSHIP=yes
ac_cv_have_decl_IP_ADD_SOURCE_MEMBERSHIP=yes
ac_cv_have_decl_MCAST_JOIN_GROUP=yes
ac_cv_have_decl_MCAST_JOIN_SOURCE_GROUP=yes
ac_cv_have_decl_SIGALRM=yes
ac_cv_have_decl_SO_MAX_PACING_RATE=yes
ac_cv_have_decl_SO_SNDTIMEO=yes
ac_cv_have_decl_SO_TIMESTAMP=yes
ac_cv_have_decl_TPACKET_V2=yes
ac_cv_have_ipv6=yes
ac_cv_have_ipv6_multicast=yes
ac_cv_have_true=yes
ac_cv_header_arpa_inet_h=yes
ac_cv_header_ifaddrs_h=yes
ac_cv_header_inttypes_h=yes
ac_cv_header_libintl_h=yes
ac_cv_header_linux_filter_h=yes
ac_cv_header_linux_if_packet_h=yes
ac_cv_header_linux_ip_h=yes
ac_cv_header_linux_udp_h=yes
ac_cv_header_memory_h=yes
ac_cv_header_net_ethernet_h=yes
ac_cv_header_net_if_h=yes
ac_cv_header_netdb_h=yes
ac_cv_header_netinet_in_h=yes
ac_cv_header_signal_h=yes
ac_cv_header_stdc=yes
ac_cv_header_stdint_h=yes
ac_cv_header_stdlib_h=yes
ac_cv_header_string_h=yes
ac_cv_header_strings_h=yes
ac_cv_header_sys_select_h=yes
ac_cv_header_sys_socket_h=yes
ac_cv_header_sys_stat_h=yes
ac_cv_header_sys_time_h=yes
ac_cv_header_sys_types_h=yes
ac_cv_header_syslog_h=yes
ac_cv_header_time=yes
ac_cv_header_unistd_h=yes
ac_cv_host=x86_64-unknown-linux-gnu
ac_cv_lib_rt_clock_gettime=yes
ac_cv_member_struct_ip_mreq_source_imr_multiaddr_s_addr=yes
ac_cv_member_struct_sockaddr_in6_sin6_len=no
ac_cv_member_struct_tcp_info_tcpi_total_retrans=yes
ac_cv_multicast=yes
ac_cv_objext=o
ac_cv_path_EGREP='/usr/bin/grep -E'
ac_cv_path_GREP=/usr/bin/grep
ac_cv_path_install='/usr/bin/install -c'
ac_cv_path_mkdir=/usr/bin/mkdir
ac_cv_prog_AWK=gawk
ac_cv_prog_CPP='gcc -E'
ac_cv_prog_PTHREAD_CC=gcc
ac_cv_prog_ac_ct_CC=gcc
ac_cv_prog_ac_ct_CXX=g++
ac_cv_prog_ac_ct_RANLIB=ranlib
ac_cv_prog_cc_c89=
ac_cv_prog_cc_g=yes
ac_cv_prog_cxx_g=yes
ac_cv_prog_make_make_set=yes
ac_cv_search_gethostbyname='none required'
ac_cv_search_socket='none required'
ac_cv_search_strerror='none required'
ac_cv_sizeof_bool=0
ac_cv_ssm_multicast=yes
ac_cv_struct_tm=time.h
ac_cv_type_int64_t=yes
ac_cv_type_signal=void
ac_cv_type_size_t=yes
ac_cv_type_ssize_t=yes
ac_cv_type_struct_group_source_req=yes
ac_cv_type_struct_ip_mreq=yes
ac_cv_type_struct_ip_mreq_source=yes
ac_cv_type_struct_ipv6_mreq=yes
ac_cv_type_struct_sockaddr_in6=yes
ac_cv_type_struct_sockaddr_storage=yes
am_cv_CC_dependencies_compiler_type=gcc3
am_cv_CXX_dependencies_compiler_type=gcc3
am_cv_make_support_nested_variables=yes
am_cv_prog_cc_c_o=yes

## ----------------- ##
## Output variables. ##
## ----------------- ##

ACLOCAL='${SHELL} /usr/local/src/iperf2-code/missing aclocal-1.15'
AF_PACKET_FALSE='#'
AF_PACKET_TRUE=''
AMDEPBACKSLASH='\'
AMDEP_FALSE='#'
AMDEP_TRUE=''
AMTAR='$${TAR-tar}'
AM_BACKSLASH='\'
AM_DEFAULT_V='$(AM_DEFAULT_VERBOSITY)'
AM_DEFAULT_VERBOSITY='1'
AM_V='$(V)'
AUTOCONF='${SHELL} /usr/local/src/iperf2-code/missing autoconf'
AUTOHEADER='${SHELL} /usr/local/src/iperf2-code/missing autoheader'
AUTOMAKE='${SHELL} /usr/local/src/iperf2-code/missing automake-1.15'
AWK='gawk'
CC='gcc'
CCDEPMODE='depmode=gcc3'
CFLAGS=' -O2 '
CHECKPROGRAMS_FALSE=''
CHECKPROGRAMS_TRUE='#'
CPP='gcc -E'
CPPFLAGS=''
CXX='g++'
CXXDEPMODE='depmode=gcc3'
CXXFLAGS=' -O2 '
CYGPATH_W='echo'
DEFS='-DHAVE_CONFIG_H'
DEPDIR='.deps'
ECHO_C=''
ECHO_N='-n'
ECHO_T=''
EGREP='/usr/bin/grep -E'
EXEEXT=''
FASTSAMPLING_FALSE='#'
FASTSAMPLING_TRUE=''
GREP='/usr/bin/grep'
INSTALL_DATA='${INSTALL} -m 644'
INSTALL_PROGRAM='${INSTALL}'
INSTALL_SCRIPT='${INSTALL}'
INSTALL_STRIP_PROGRAM='$(install_sh) -c -s'
ISOCHRONOUS_FALSE=''
ISOCHRONOUS_TRUE='#'
LDFLAGS=''
LIBOBJS=''
LIBS='-lrt '
LTLIBOBJS=''
MAINT='#'
MAINTAINER_MODE_FALSE=''
MAINTAINER_MODE_TRUE='#'
MAKEINFO='${SHELL} /usr/local/src/iperf2-code/missing makeinfo'
MKDIR_P='/usr/bin/mkdir -p'
OBJEXT='o'
PACKAGE='iperf'
PACKAGE_BUGREPORT=''
PACKAGE_NAME='Iperf'
PACKAGE_STRING='Iperf 2.0.14a'
PACKAGE_TARNAME='iperf'
PACKAGE_URL=''
PACKAGE_VERSION='2.0.14a'
PATH_SEPARATOR=':'
PTHREAD_CC='gcc'
PTHREAD_CFLAGS='-pthread'
PTHREAD_LIBS=''
RANLIB='ranlib'
SET_MAKE=''
SHELL='/bin/sh'
STRIP=''
STRIP_BEGIN='$(strip $(STRIP_DUMMY)'
STRIP_DUMMY=''
STRIP_END=')'
VERSION='2.0.14a'
WEB100_CFLAGS=''
WEB100_CONFIG=''
WEB100_LIBS=''
ac_ct_CC='gcc'
ac_ct_CXX='g++'
acx_pthread_config=''
am__EXEEXT_FALSE=''
am__EXEEXT_TRUE='#'
am__fastdepCC_FALSE='#'
am__fastdepCC_TRUE=''
am__fastdepCXX_FALSE='#'
am__fastdepCXX_TRUE=''
am__include='include'
am__isrc=''
am__leading_dot='.'
am__nodep='_no'
am__quote=''
am__tar='$${TAR-tar} chof - "$$tardir"'
am__untar='$${TAR-tar} xf -'
bindir='${exec_prefix}/bin'
build='x86_64-unknown-linux-gnu'
build_alias=''
build_cpu='x86_64'
build_os='linux-gnu'
build_vendor='unknown'
datadir='${datarootdir}'
datarootdir='${prefix}/share'
docdir='${datarootdir}/doc/${PACKAGE_TARNAME}'
dvidir='${docdir}'
exec_prefix='${prefix}'
host='x86_64-unknown-linux-gnu'
host_alias=''
host_cpu='x86_64'
host_os='linux-gnu'
host_vendor='unknown'
htmldir='${docdir}'
includedir='${prefix}/include'
infodir='${datarootdir}/info'
install_sh='${SHELL} /usr/local/src/iperf2-code/install-sh'
libdir='${exec_prefix}/lib'
libexecdir='${exec_prefix}/libexec'
localedir='${datarootdir}/locale'
localstatedir='${prefix}/var'
mandir='${datarootdir}/man'
mkdir_p='$(MKDIR_P)'
oldincludedir='/usr/include'
pdfdir='${docdir}'
prefix='/usr/local'
program_transform_name='s,x,x,'
psdir='${docdir}'
sbindir='${exec_prefix}/sbin'
sharedstatedir='${prefix}/com'
sysconfdir='${prefix}/etc'
target_alias=''

## ----------- ##
## confdefs.h. ##
## ----------- ##

/* confdefs.h */
#define PACKAGE_NAME "Iperf"
#define PACKAGE_TARNAME "iperf"
#define PACKAGE_VERSION "2.0.14a"
#define PACKAGE_STRING "Iperf 2.0.14a"
#define PACKAGE_BUGREPORT ""
#define PACKAGE_URL ""
#define PACKAGE "iperf"
#define VERSION "2.0.14a"
#define HAVE_AF_PACKET 1
#define HAVE_LIBRT 1
#define HAVE_PTHREAD 1
#define HAVE_POSIX_THREAD 1
#define _REENTRANT 1
#define STDC_HEADERS 1
#define HAVE_SYS_TYPES_H 1
#define HAVE_SYS_STAT_H 1
#define HAVE_STDLIB_H 1
#define HAVE_STRING_H 1
#define HAVE_MEMORY_H 1
#define HAVE_STRINGS_H 1
#define HAVE_INTTYPES_H 1
#define HAVE_STDINT_H 1
#define HAVE_UNISTD_H 1
#define HAVE_ARPA_INET_H 1
#define HAVE_LIBINTL_H 1
#define HAVE_NET_ETHERNET_H 1
#define HAVE_NET_IF_H 1
#define HAVE_LINUX_IP_H 1
#define HAVE_LINUX_UDP_H 1
#define HAVE_LINUX_IF_PACKET_H 1
#define HAVE_LINUX_FILTER_H 1
#define HAVE_NETDB_H 1
#define HAVE_NETINET_IN_H 1
#define HAVE_STDLIB_H 1
#define HAVE_STRING_H 1
#define HAVE_STRINGS_H 1
#define HAVE_SYS_SOCKET_H 1
#define HAVE_SYS_TIME_H 1
#define HAVE_SYSLOG_H 1
#define HAVE_UNISTD_H 1
#define HAVE_SIGNAL_H 1
#define HAVE_IFADDRS_H 1
#define HAVE_SSIZE_T 1
#define TIME_WITH_SYS_TIME 1
#define HAVE_INT64_T 1
#define Socklen_t socklen_t
#define HAVE_SYS_SELECT_H 1
#define HAVE_SYS_SOCKET_H 1
#define SELECT_TYPE_ARG1 int
#define SELECT_TYPE_ARG234 (fd_set *)
#define SELECT_TYPE_ARG5 (struct timeval *)
#define RETSIGTYPE void
#define HAVE_STRFTIME 1
#define HAVE_VPRINTF 1
#define HAVE_ATEXIT 1
#define HAVE_MEMSET 1
#define HAVE_SELECT 1
#define HAVE_STRCHR 1
#define HAVE_STRERROR 1
#define HAVE_STRTOL 1
#define HAVE_STRTOLL 1
#define HAVE_USLEEP 1
#define HAVE_CLOCK_GETTIME 1
#define HAVE_SCHED_SETSCHEDULER 1
#define HAVE_MLOCKALL 1
#define HAVE_SETITIMER 1
#define HAVE_NANOSLEEP 1
#define HAVE_CLOCK_NANOSLEEP 1
#define HAVE_SNPRINTF 1
#define HAVE_INET_PTON 1
#define HAVE_INET_NTOP 1
#define HAVE_GETTIMEOFDAY 1
#define HAVE_DECL_ENOBUFS 1
#define HAVE_DECL_EWOULDBLOCK 1
#define HAVE_DECL_CPU_SET 1
#define HAVE_DECL_SIGALRM 1
#define HAVE_DECL_AF_INET6 1
#define HAVE_DECL_SO_TIMESTAMP 1
#define HAVE_DECL_SO_SNDTIMEO 1
#define HAVE_DECL_SO_MAX_PACING_RATE 1
#define HAVE_DECL_IPV6_TCLASS 1
#define HAVE_DECL_MCAST_JOIN_GROUP 1
#define HAVE_DECL_MCAST_JOIN_SOURCE_GROUP 1
#define HAVE_DECL_IPV6_ADD_MEMBERSHIP 1
#define HAVE_DECL_IPV6_MULTICAST_HOPS 1
#define HAVE_DECL_IP_ADD_MEMBERSHIP 1
#define HAVE_DECL_IP_ADD_SOURCE_MEMBERSHIP 1
#define HAVE_STRUCT_SOCKADDR_STORAGE 1
#define HAVE_STRUCT_SOCKADDR_IN6 1
#define HAVE_STRUCT_GROUP_SOURCE_REQ 1
#define HAVE_STRUCT_IP_MREQ 1
#define HAVE_STRUCT_IPV6_MREQ 1
#define HAVE_STRUCT_IP_MREQ_SOURCE 1
#define HAVE_STRUCT_IP_MREQ_SOURCE_IMR_MULTIADDR_S_ADDR 1
#define HAVE_STRUCT_TCP_INFO_TCPI_TOTAL_RETRANS 1
#define SIZEOF_BOOL 0
#define bool int
#define HAVE_MULTICAST 1
#define HAVE_SSM_MULTICAST 1
#define HAVE_IPV6 1
#define HAVE_IPV6_MULTICAST 1
#define HAVE_KALMAN 1
#define HAVE_SEQNO64b 1
#define HAVE_ISOCHRONOUS 1
#define HAVE_FASTSAMPLING 1

configure: exit 0
